2024-01-31 09:37:38,058 INFO o.s.t.c.s.AnnotationConfigContextLoaderUtils [main] Could not detect default configuration classes for test class [com.medev.controller.StudentControllerTest]: StudentControllerTest does not declare any static, non-private, non-final, nested classes annotated with @Configuration.
2024-01-31 09:37:38,257 INFO o.s.b.t.c.SpringBootTestContextBootstrapper [main] Found @SpringBootConfiguration com.medev.StudentApiApplication for test class com.medev.controller.StudentControllerTest
2024-01-31 09:37:38,655 INFO o.h.v.i.u.Version [background-preinit] HV000001: Hibernate Validator 8.0.1.Final
2024-01-31 09:37:38,703 INFO c.m.c.StudentControllerTest [main] Starting StudentControllerTest using Java 17.0.9 with PID 9860 (started by Mohamed-Amine in C:\Users\Mohamed-Amine\Desktop\JAVA_REPO\student-api)
2024-01-31 09:37:38,707 INFO c.m.c.StudentControllerTest [main] The following 1 profile is active: "dev"
2024-01-31 09:37:39,399 WARN o.s.w.c.s.GenericWebApplicationContext [main] Exception encountered during context initialization - cancelling refresh attempt: org.springframework.beans.factory.UnsatisfiedDependencyException: Error creating bean with name 'studentController' defined in file [C:\Users\Mohamed-Amine\Desktop\JAVA_REPO\student-api\target\classes\com\medev\controller\StudentController.class]: Unsatisfied dependency expressed through constructor parameter 0: No qualifying bean of type 'com.medev.service.StudentService' available: expected at least 1 bean which qualifies as autowire candidate. Dependency annotations: {}
2024-01-31 09:37:39,409 INFO o.s.b.a.l.ConditionEvaluationReportLogger [main] 

Error starting ApplicationContext. To display the condition evaluation report re-run your application with 'debug' enabled.
2024-01-31 09:37:39,429 ERROR o.s.b.d.LoggingFailureAnalysisReporter [main] 

***************************
APPLICATION FAILED TO START
***************************

Description:

Parameter 0 of constructor in com.medev.controller.StudentController required a bean of type 'com.medev.service.StudentService' that could not be found.


Action:

Consider defining a bean of type 'com.medev.service.StudentService' in your configuration.

2024-01-31 09:37:39,433 WARN o.s.t.c.TestContextManager [main] Caught exception while allowing TestExecutionListener [org.springframework.test.context.support.DependencyInjectionTestExecutionListener] to prepare test instance [com.medev.controller.StudentControllerTest@7cbeac65]
java.lang.IllegalStateException: Failed to load ApplicationContext for [WebMergedContextConfiguration@6cc86152 testClass = com.medev.controller.StudentControllerTest, locations = [], classes = [com.medev.StudentApiApplication], contextInitializerClasses = [], activeProfiles = [], propertySourceDescriptors = [], propertySourceProperties = ["org.springframework.boot.test.autoconfigure.web.servlet.WebMvcTestContextBootstrapper=true"], contextCustomizers = [[ImportsContextCustomizer@611a990b key = [org.springframework.boot.autoconfigure.task.TaskExecutionAutoConfiguration, org.springframework.boot.autoconfigure.cache.CacheAutoConfiguration, org.springframework.boot.autoconfigure.web.servlet.HttpEncodingAutoConfiguration, org.springframework.boot.autoconfigure.validation.ValidationAutoConfiguration, org.springframework.boot.autoconfigure.context.MessageSourceAutoConfiguration, org.springframework.boot.autoconfigure.hateoas.HypermediaAutoConfiguration, org.springframework.boot.autoconfigure.data.web.SpringDataWebAutoConfiguration, org.springframework.boot.autoconfigure.jackson.JacksonAutoConfiguration, org.springframework.boot.test.autoconfigure.web.reactive.WebTestClientAutoConfiguration, org.springframework.boot.autoconfigure.web.servlet.error.ErrorMvcAutoConfiguration, org.springframework.boot.test.autoconfigure.web.servlet.MockMvcAutoConfiguration, org.springframework.boot.autoconfigure.security.servlet.SecurityAutoConfiguration, org.springframework.boot.autoconfigure.security.servlet.SecurityFilterAutoConfiguration, org.springframework.boot.autoconfigure.http.HttpMessageConvertersAutoConfiguration, org.springframework.boot.autoconfigure.security.oauth2.client.servlet.OAuth2ClientAutoConfiguration, org.springframework.boot.test.autoconfigure.web.servlet.MockMvcSecurityConfiguration, org.springframework.boot.test.autoconfigure.web.servlet.MockMvcWebClientAutoConfiguration, org.springframework.boot.test.autoconfigure.web.servlet.MockMvcWebDriverAutoConfiguration, org.springframework.boot.autoconfigure.thymeleaf.ThymeleafAutoConfiguration, org.springframework.boot.autoconfigure.gson.GsonAutoConfiguration, org.springframework.boot.autoconfigure.jsonb.JsonbAutoConfiguration, org.springframework.boot.autoconfigure.freemarker.FreeMarkerAutoConfiguration, org.springframework.boot.autoconfigure.web.servlet.WebMvcAutoConfiguration, org.springframework.boot.autoconfigure.security.servlet.UserDetailsServiceAutoConfiguration, org.springframework.boot.autoconfigure.security.oauth2.resource.servlet.OAuth2ResourceServerAutoConfiguration, org.springframework.boot.autoconfigure.groovy.template.GroovyTemplateAutoConfiguration, org.springframework.boot.autoconfigure.mustache.MustacheAutoConfiguration]], org.springframework.boot.test.context.filter.ExcludeFilterContextCustomizer@37313c65, org.springframework.boot.test.json.DuplicateJsonObjectContextCustomizerFactory$DuplicateJsonObjectContextCustomizer@1df8da7a, org.springframework.boot.test.mock.mockito.MockitoContextCustomizer@0, org.springframework.boot.test.autoconfigure.OverrideAutoConfigurationContextCustomizerFactory$DisableAutoConfigurationContextCustomizer@6d5620ce, org.springframework.boot.test.autoconfigure.actuate.observability.ObservabilityContextCustomizerFactory$DisableObservabilityContextCustomizer@1f, org.springframework.boot.test.autoconfigure.filter.TypeExcludeFiltersContextCustomizer@983ab9f5, org.springframework.boot.test.autoconfigure.properties.PropertyMappingContextCustomizer@e33c8430, org.springframework.boot.test.autoconfigure.web.servlet.WebDriverContextCustomizer@928763c, org.springframework.boot.test.context.SpringBootTestAnnotation@f420a4d6], resourceBasePath = "src/main/webapp", contextLoader = org.springframework.boot.test.context.SpringBootContextLoader, parent = null]
	at org.springframework.test.context.cache.DefaultCacheAwareContextLoaderDelegate.loadContext(DefaultCacheAwareContextLoaderDelegate.java:180)
	at org.springframework.test.context.support.DefaultTestContext.getApplicationContext(DefaultTestContext.java:130)
	at org.springframework.test.context.support.DependencyInjectionTestExecutionListener.injectDependencies(DependencyInjectionTestExecutionListener.java:141)
	at org.springframework.test.context.support.DependencyInjectionTestExecutionListener.prepareTestInstance(DependencyInjectionTestExecutionListener.java:97)
	at org.springframework.test.context.TestContextManager.prepareTestInstance(TestContextManager.java:260)
	at org.springframework.test.context.junit4.SpringJUnit4ClassRunner.createTest(SpringJUnit4ClassRunner.java:228)
	at org.springframework.test.context.junit4.SpringJUnit4ClassRunner$1.runReflectiveCall(SpringJUnit4ClassRunner.java:289)
	at org.junit.internal.runners.model.ReflectiveCallable.run(ReflectiveCallable.java:12)
	at org.springframework.test.context.junit4.SpringJUnit4ClassRunner.methodBlock(SpringJUnit4ClassRunner.java:291)
	at org.springframework.test.context.junit4.SpringJUnit4ClassRunner.runChild(SpringJUnit4ClassRunner.java:247)
	at org.springframework.test.context.junit4.SpringJUnit4ClassRunner.runChild(SpringJUnit4ClassRunner.java:97)
	at org.junit.runners.ParentRunner$4.run(ParentRunner.java:331)
	at org.junit.runners.ParentRunner$1.schedule(ParentRunner.java:79)
	at org.junit.runners.ParentRunner.runChildren(ParentRunner.java:329)
	at org.junit.runners.ParentRunner.access$100(ParentRunner.java:66)
	at org.junit.runners.ParentRunner$2.evaluate(ParentRunner.java:293)
	at org.springframework.test.context.junit4.statements.RunBeforeTestClassCallbacks.evaluate(RunBeforeTestClassCallbacks.java:61)
	at org.springframework.test.context.junit4.statements.RunAfterTestClassCallbacks.evaluate(RunAfterTestClassCallbacks.java:70)
	at org.junit.runners.ParentRunner$3.evaluate(ParentRunner.java:306)
	at org.junit.runners.ParentRunner.run(ParentRunner.java:413)
	at org.springframework.test.context.junit4.SpringJUnit4ClassRunner.run(SpringJUnit4ClassRunner.java:191)
	at org.junit.runner.JUnitCore.run(JUnitCore.java:137)
	at com.intellij.junit4.JUnit4IdeaTestRunner.startRunnerWithArgs(JUnit4IdeaTestRunner.java:69)
	at com.intellij.rt.junit.IdeaTestRunner$Repeater$1.execute(IdeaTestRunner.java:38)
	at com.intellij.rt.execution.junit.TestsRepeater.repeat(TestsRepeater.java:11)
	at com.intellij.rt.junit.IdeaTestRunner$Repeater.startRunnerWithArgs(IdeaTestRunner.java:35)
	at com.intellij.rt.junit.JUnitStarter.prepareStreamsAndStart(JUnitStarter.java:232)
	at com.intellij.rt.junit.JUnitStarter.main(JUnitStarter.java:55)
Caused by: org.springframework.beans.factory.UnsatisfiedDependencyException: Error creating bean with name 'studentController' defined in file [C:\Users\Mohamed-Amine\Desktop\JAVA_REPO\student-api\target\classes\com\medev\controller\StudentController.class]: Unsatisfied dependency expressed through constructor parameter 0: No qualifying bean of type 'com.medev.service.StudentService' available: expected at least 1 bean which qualifies as autowire candidate. Dependency annotations: {}
	at org.springframework.beans.factory.support.ConstructorResolver.createArgumentArray(ConstructorResolver.java:802)
	at org.springframework.beans.factory.support.ConstructorResolver.autowireConstructor(ConstructorResolver.java:241)
	at org.springframework.beans.factory.support.AbstractAutowireCapableBeanFactory.autowireConstructor(AbstractAutowireCapableBeanFactory.java:1354)
	at org.springframework.beans.factory.support.AbstractAutowireCapableBeanFactory.createBeanInstance(AbstractAutowireCapableBeanFactory.java:1191)
	at org.springframework.beans.factory.support.AbstractAutowireCapableBeanFactory.doCreateBean(AbstractAutowireCapableBeanFactory.java:561)
	at org.springframework.beans.factory.support.AbstractAutowireCapableBeanFactory.createBean(AbstractAutowireCapableBeanFactory.java:521)
	at org.springframework.beans.factory.support.AbstractBeanFactory.lambda$doGetBean$0(AbstractBeanFactory.java:325)
	at org.springframework.beans.factory.support.DefaultSingletonBeanRegistry.getSingleton(DefaultSingletonBeanRegistry.java:234)
	at org.springframework.beans.factory.support.AbstractBeanFactory.doGetBean(AbstractBeanFactory.java:323)
	at org.springframework.beans.factory.support.AbstractBeanFactory.getBean(AbstractBeanFactory.java:199)
	at org.springframework.beans.factory.support.DefaultListableBeanFactory.preInstantiateSingletons(DefaultListableBeanFactory.java:975)
	at org.springframework.context.support.AbstractApplicationContext.finishBeanFactoryInitialization(AbstractApplicationContext.java:960)
	at org.springframework.context.support.AbstractApplicationContext.refresh(AbstractApplicationContext.java:625)
	at org.springframework.boot.SpringApplication.refresh(SpringApplication.java:762)
	at org.springframework.boot.SpringApplication.refreshContext(SpringApplication.java:464)
	at org.springframework.boot.SpringApplication.run(SpringApplication.java:334)
	at org.springframework.boot.test.context.SpringBootContextLoader.lambda$loadContext$3(SpringBootContextLoader.java:137)
	at org.springframework.util.function.ThrowingSupplier.get(ThrowingSupplier.java:58)
	at org.springframework.util.function.ThrowingSupplier.get(ThrowingSupplier.java:46)
	at org.springframework.boot.SpringApplication.withHook(SpringApplication.java:1458)
	at org.springframework.boot.test.context.SpringBootContextLoader$ContextLoaderHook.run(SpringBootContextLoader.java:552)
	at org.springframework.boot.test.context.SpringBootContextLoader.loadContext(SpringBootContextLoader.java:137)
	at org.springframework.boot.test.context.SpringBootContextLoader.loadContext(SpringBootContextLoader.java:108)
	at org.springframework.test.context.cache.DefaultCacheAwareContextLoaderDelegate.loadContextInternal(DefaultCacheAwareContextLoaderDelegate.java:225)
	at org.springframework.test.context.cache.DefaultCacheAwareContextLoaderDelegate.loadContext(DefaultCacheAwareContextLoaderDelegate.java:152)
	... 27 common frames omitted
Caused by: org.springframework.beans.factory.NoSuchBeanDefinitionException: No qualifying bean of type 'com.medev.service.StudentService' available: expected at least 1 bean which qualifies as autowire candidate. Dependency annotations: {}
	at org.springframework.beans.factory.support.DefaultListableBeanFactory.raiseNoMatchingBeanFound(DefaultListableBeanFactory.java:1880)
	at org.springframework.beans.factory.support.DefaultListableBeanFactory.doResolveDependency(DefaultListableBeanFactory.java:1406)
	at org.springframework.beans.factory.support.DefaultListableBeanFactory.resolveDependency(DefaultListableBeanFactory.java:1353)
	at org.springframework.beans.factory.support.ConstructorResolver.resolveAutowiredArgument(ConstructorResolver.java:911)
	at org.springframework.beans.factory.support.ConstructorResolver.createArgumentArray(ConstructorResolver.java:789)
	... 51 common frames omitted
2024-01-31 09:39:55,083 INFO o.s.t.c.s.AnnotationConfigContextLoaderUtils [main] Could not detect default configuration classes for test class [com.medev.controller.StudentControllerTest]: StudentControllerTest does not declare any static, non-private, non-final, nested classes annotated with @Configuration.
2024-01-31 09:39:55,243 INFO o.s.b.t.c.SpringBootTestContextBootstrapper [main] Found @SpringBootConfiguration com.medev.StudentApiApplication for test class com.medev.controller.StudentControllerTest
2024-01-31 09:39:55,605 INFO o.h.v.i.u.Version [background-preinit] HV000001: Hibernate Validator 8.0.1.Final
2024-01-31 09:39:55,644 INFO c.m.c.StudentControllerTest [main] Starting StudentControllerTest using Java 17.0.9 with PID 13468 (started by Mohamed-Amine in C:\Users\Mohamed-Amine\Desktop\JAVA_REPO\student-api)
2024-01-31 09:39:55,645 INFO c.m.c.StudentControllerTest [main] The following 1 profile is active: "dev"
2024-01-31 09:39:56,318 WARN o.s.w.c.s.GenericWebApplicationContext [main] Exception encountered during context initialization - cancelling refresh attempt: org.springframework.beans.factory.UnsatisfiedDependencyException: Error creating bean with name 'studentController' defined in file [C:\Users\Mohamed-Amine\Desktop\JAVA_REPO\student-api\target\classes\com\medev\controller\StudentController.class]: Unsatisfied dependency expressed through constructor parameter 0: No qualifying bean of type 'com.medev.service.StudentService' available: expected at least 1 bean which qualifies as autowire candidate. Dependency annotations: {}
2024-01-31 09:39:56,332 INFO o.s.b.a.l.ConditionEvaluationReportLogger [main] 

Error starting ApplicationContext. To display the condition evaluation report re-run your application with 'debug' enabled.
2024-01-31 09:39:56,353 ERROR o.s.b.d.LoggingFailureAnalysisReporter [main] 

***************************
APPLICATION FAILED TO START
***************************

Description:

Parameter 0 of constructor in com.medev.controller.StudentController required a bean of type 'com.medev.service.StudentService' that could not be found.


Action:

Consider defining a bean of type 'com.medev.service.StudentService' in your configuration.

2024-01-31 09:39:56,358 WARN o.s.t.c.TestContextManager [main] Caught exception while allowing TestExecutionListener [org.springframework.test.context.support.DependencyInjectionTestExecutionListener] to prepare test instance [com.medev.controller.StudentControllerTest@5e519ad3]
java.lang.IllegalStateException: Failed to load ApplicationContext for [WebMergedContextConfiguration@a451491 testClass = com.medev.controller.StudentControllerTest, locations = [], classes = [com.medev.StudentApiApplication], contextInitializerClasses = [], activeProfiles = [], propertySourceDescriptors = [], propertySourceProperties = ["org.springframework.boot.test.autoconfigure.web.servlet.WebMvcTestContextBootstrapper=true"], contextCustomizers = [[ImportsContextCustomizer@1422ac7f key = [org.springframework.boot.autoconfigure.task.TaskExecutionAutoConfiguration, org.springframework.boot.autoconfigure.cache.CacheAutoConfiguration, org.springframework.boot.autoconfigure.web.servlet.HttpEncodingAutoConfiguration, org.springframework.boot.autoconfigure.validation.ValidationAutoConfiguration, org.springframework.boot.autoconfigure.context.MessageSourceAutoConfiguration, org.springframework.boot.autoconfigure.hateoas.HypermediaAutoConfiguration, org.springframework.boot.autoconfigure.data.web.SpringDataWebAutoConfiguration, org.springframework.boot.autoconfigure.jackson.JacksonAutoConfiguration, org.springframework.boot.test.autoconfigure.web.reactive.WebTestClientAutoConfiguration, org.springframework.boot.autoconfigure.web.servlet.error.ErrorMvcAutoConfiguration, org.springframework.boot.test.autoconfigure.web.servlet.MockMvcAutoConfiguration, org.springframework.boot.autoconfigure.security.servlet.SecurityAutoConfiguration, org.springframework.boot.autoconfigure.security.servlet.SecurityFilterAutoConfiguration, org.springframework.boot.autoconfigure.http.HttpMessageConvertersAutoConfiguration, org.springframework.boot.autoconfigure.security.oauth2.client.servlet.OAuth2ClientAutoConfiguration, org.springframework.boot.test.autoconfigure.web.servlet.MockMvcSecurityConfiguration, org.springframework.boot.test.autoconfigure.web.servlet.MockMvcWebClientAutoConfiguration, org.springframework.boot.test.autoconfigure.web.servlet.MockMvcWebDriverAutoConfiguration, org.springframework.boot.autoconfigure.thymeleaf.ThymeleafAutoConfiguration, org.springframework.boot.autoconfigure.gson.GsonAutoConfiguration, org.springframework.boot.autoconfigure.jsonb.JsonbAutoConfiguration, org.springframework.boot.autoconfigure.freemarker.FreeMarkerAutoConfiguration, org.springframework.boot.autoconfigure.web.servlet.WebMvcAutoConfiguration, org.springframework.boot.autoconfigure.security.servlet.UserDetailsServiceAutoConfiguration, org.springframework.boot.autoconfigure.security.oauth2.resource.servlet.OAuth2ResourceServerAutoConfiguration, org.springframework.boot.autoconfigure.groovy.template.GroovyTemplateAutoConfiguration, org.springframework.boot.autoconfigure.mustache.MustacheAutoConfiguration]], org.springframework.boot.test.context.filter.ExcludeFilterContextCustomizer@1b919693, org.springframework.boot.test.json.DuplicateJsonObjectContextCustomizerFactory$DuplicateJsonObjectContextCustomizer@6a4f1a55, org.springframework.boot.test.mock.mockito.MockitoContextCustomizer@0, org.springframework.boot.test.autoconfigure.OverrideAutoConfigurationContextCustomizerFactory$DisableAutoConfigurationContextCustomizer@24c1b2d2, org.springframework.boot.test.autoconfigure.actuate.observability.ObservabilityContextCustomizerFactory$DisableObservabilityContextCustomizer@1f, org.springframework.boot.test.autoconfigure.filter.TypeExcludeFiltersContextCustomizer@a5dcbca9, org.springframework.boot.test.autoconfigure.properties.PropertyMappingContextCustomizer@e33c8430, org.springframework.boot.test.autoconfigure.web.servlet.WebDriverContextCustomizer@2e570ded, org.springframework.boot.test.context.SpringBootTestAnnotation@f6218b5b], resourceBasePath = "src/main/webapp", contextLoader = org.springframework.boot.test.context.SpringBootContextLoader, parent = null]
	at org.springframework.test.context.cache.DefaultCacheAwareContextLoaderDelegate.loadContext(DefaultCacheAwareContextLoaderDelegate.java:180)
	at org.springframework.test.context.support.DefaultTestContext.getApplicationContext(DefaultTestContext.java:130)
	at org.springframework.test.context.support.DependencyInjectionTestExecutionListener.injectDependencies(DependencyInjectionTestExecutionListener.java:141)
	at org.springframework.test.context.support.DependencyInjectionTestExecutionListener.prepareTestInstance(DependencyInjectionTestExecutionListener.java:97)
	at org.springframework.test.context.TestContextManager.prepareTestInstance(TestContextManager.java:260)
	at org.springframework.test.context.junit4.SpringJUnit4ClassRunner.createTest(SpringJUnit4ClassRunner.java:228)
	at org.springframework.test.context.junit4.SpringJUnit4ClassRunner$1.runReflectiveCall(SpringJUnit4ClassRunner.java:289)
	at org.junit.internal.runners.model.ReflectiveCallable.run(ReflectiveCallable.java:12)
	at org.springframework.test.context.junit4.SpringJUnit4ClassRunner.methodBlock(SpringJUnit4ClassRunner.java:291)
	at org.springframework.test.context.junit4.SpringJUnit4ClassRunner.runChild(SpringJUnit4ClassRunner.java:247)
	at org.springframework.test.context.junit4.SpringJUnit4ClassRunner.runChild(SpringJUnit4ClassRunner.java:97)
	at org.junit.runners.ParentRunner$4.run(ParentRunner.java:331)
	at org.junit.runners.ParentRunner$1.schedule(ParentRunner.java:79)
	at org.junit.runners.ParentRunner.runChildren(ParentRunner.java:329)
	at org.junit.runners.ParentRunner.access$100(ParentRunner.java:66)
	at org.junit.runners.ParentRunner$2.evaluate(ParentRunner.java:293)
	at org.springframework.test.context.junit4.statements.RunBeforeTestClassCallbacks.evaluate(RunBeforeTestClassCallbacks.java:61)
	at org.springframework.test.context.junit4.statements.RunAfterTestClassCallbacks.evaluate(RunAfterTestClassCallbacks.java:70)
	at org.junit.runners.ParentRunner$3.evaluate(ParentRunner.java:306)
	at org.junit.runners.ParentRunner.run(ParentRunner.java:413)
	at org.springframework.test.context.junit4.SpringJUnit4ClassRunner.run(SpringJUnit4ClassRunner.java:191)
	at org.junit.runner.JUnitCore.run(JUnitCore.java:137)
	at com.intellij.junit4.JUnit4IdeaTestRunner.startRunnerWithArgs(JUnit4IdeaTestRunner.java:69)
	at com.intellij.rt.junit.IdeaTestRunner$Repeater$1.execute(IdeaTestRunner.java:38)
	at com.intellij.rt.execution.junit.TestsRepeater.repeat(TestsRepeater.java:11)
	at com.intellij.rt.junit.IdeaTestRunner$Repeater.startRunnerWithArgs(IdeaTestRunner.java:35)
	at com.intellij.rt.junit.JUnitStarter.prepareStreamsAndStart(JUnitStarter.java:232)
	at com.intellij.rt.junit.JUnitStarter.main(JUnitStarter.java:55)
Caused by: org.springframework.beans.factory.UnsatisfiedDependencyException: Error creating bean with name 'studentController' defined in file [C:\Users\Mohamed-Amine\Desktop\JAVA_REPO\student-api\target\classes\com\medev\controller\StudentController.class]: Unsatisfied dependency expressed through constructor parameter 0: No qualifying bean of type 'com.medev.service.StudentService' available: expected at least 1 bean which qualifies as autowire candidate. Dependency annotations: {}
	at org.springframework.beans.factory.support.ConstructorResolver.createArgumentArray(ConstructorResolver.java:802)
	at org.springframework.beans.factory.support.ConstructorResolver.autowireConstructor(ConstructorResolver.java:241)
	at org.springframework.beans.factory.support.AbstractAutowireCapableBeanFactory.autowireConstructor(AbstractAutowireCapableBeanFactory.java:1354)
	at org.springframework.beans.factory.support.AbstractAutowireCapableBeanFactory.createBeanInstance(AbstractAutowireCapableBeanFactory.java:1191)
	at org.springframework.beans.factory.support.AbstractAutowireCapableBeanFactory.doCreateBean(AbstractAutowireCapableBeanFactory.java:561)
	at org.springframework.beans.factory.support.AbstractAutowireCapableBeanFactory.createBean(AbstractAutowireCapableBeanFactory.java:521)
	at org.springframework.beans.factory.support.AbstractBeanFactory.lambda$doGetBean$0(AbstractBeanFactory.java:325)
	at org.springframework.beans.factory.support.DefaultSingletonBeanRegistry.getSingleton(DefaultSingletonBeanRegistry.java:234)
	at org.springframework.beans.factory.support.AbstractBeanFactory.doGetBean(AbstractBeanFactory.java:323)
	at org.springframework.beans.factory.support.AbstractBeanFactory.getBean(AbstractBeanFactory.java:199)
	at org.springframework.beans.factory.support.DefaultListableBeanFactory.preInstantiateSingletons(DefaultListableBeanFactory.java:975)
	at org.springframework.context.support.AbstractApplicationContext.finishBeanFactoryInitialization(AbstractApplicationContext.java:960)
	at org.springframework.context.support.AbstractApplicationContext.refresh(AbstractApplicationContext.java:625)
	at org.springframework.boot.SpringApplication.refresh(SpringApplication.java:762)
	at org.springframework.boot.SpringApplication.refreshContext(SpringApplication.java:464)
	at org.springframework.boot.SpringApplication.run(SpringApplication.java:334)
	at org.springframework.boot.test.context.SpringBootContextLoader.lambda$loadContext$3(SpringBootContextLoader.java:137)
	at org.springframework.util.function.ThrowingSupplier.get(ThrowingSupplier.java:58)
	at org.springframework.util.function.ThrowingSupplier.get(ThrowingSupplier.java:46)
	at org.springframework.boot.SpringApplication.withHook(SpringApplication.java:1458)
	at org.springframework.boot.test.context.SpringBootContextLoader$ContextLoaderHook.run(SpringBootContextLoader.java:552)
	at org.springframework.boot.test.context.SpringBootContextLoader.loadContext(SpringBootContextLoader.java:137)
	at org.springframework.boot.test.context.SpringBootContextLoader.loadContext(SpringBootContextLoader.java:108)
	at org.springframework.test.context.cache.DefaultCacheAwareContextLoaderDelegate.loadContextInternal(DefaultCacheAwareContextLoaderDelegate.java:225)
	at org.springframework.test.context.cache.DefaultCacheAwareContextLoaderDelegate.loadContext(DefaultCacheAwareContextLoaderDelegate.java:152)
	... 27 common frames omitted
Caused by: org.springframework.beans.factory.NoSuchBeanDefinitionException: No qualifying bean of type 'com.medev.service.StudentService' available: expected at least 1 bean which qualifies as autowire candidate. Dependency annotations: {}
	at org.springframework.beans.factory.support.DefaultListableBeanFactory.raiseNoMatchingBeanFound(DefaultListableBeanFactory.java:1880)
	at org.springframework.beans.factory.support.DefaultListableBeanFactory.doResolveDependency(DefaultListableBeanFactory.java:1406)
	at org.springframework.beans.factory.support.DefaultListableBeanFactory.resolveDependency(DefaultListableBeanFactory.java:1353)
	at org.springframework.beans.factory.support.ConstructorResolver.resolveAutowiredArgument(ConstructorResolver.java:911)
	at org.springframework.beans.factory.support.ConstructorResolver.createArgumentArray(ConstructorResolver.java:789)
	... 51 common frames omitted
2024-01-31 09:41:45,201 INFO o.s.t.c.s.AnnotationConfigContextLoaderUtils [main] Could not detect default configuration classes for test class [com.medev.controller.StudentControllerTest]: StudentControllerTest does not declare any static, non-private, non-final, nested classes annotated with @Configuration.
2024-01-31 09:41:45,382 INFO o.s.b.t.c.SpringBootTestContextBootstrapper [main] Found @SpringBootConfiguration com.medev.StudentApiApplication for test class com.medev.controller.StudentControllerTest
2024-01-31 09:41:45,757 INFO o.h.v.i.u.Version [background-preinit] HV000001: Hibernate Validator 8.0.1.Final
2024-01-31 09:41:45,801 INFO c.m.c.StudentControllerTest [main] Starting StudentControllerTest using Java 17.0.9 with PID 3400 (started by Mohamed-Amine in C:\Users\Mohamed-Amine\Desktop\JAVA_REPO\student-api)
2024-01-31 09:41:45,803 INFO c.m.c.StudentControllerTest [main] The following 1 profile is active: "dev"
2024-01-31 09:41:47,151 WARN o.s.w.c.s.GenericWebApplicationContext [main] Exception encountered during context initialization - cancelling refresh attempt: org.springframework.beans.factory.UnsatisfiedDependencyException: Error creating bean with name 'studentController' defined in file [C:\Users\Mohamed-Amine\Desktop\JAVA_REPO\student-api\target\classes\com\medev\controller\StudentController.class]: Unsatisfied dependency expressed through constructor parameter 1: No qualifying bean of type 'com.medev.dao.StudentSearchDao' available: expected at least 1 bean which qualifies as autowire candidate. Dependency annotations: {}
2024-01-31 09:41:47,161 INFO o.s.b.a.l.ConditionEvaluationReportLogger [main] 

Error starting ApplicationContext. To display the condition evaluation report re-run your application with 'debug' enabled.
2024-01-31 09:41:47,191 ERROR o.s.b.d.LoggingFailureAnalysisReporter [main] 

***************************
APPLICATION FAILED TO START
***************************

Description:

Parameter 1 of constructor in com.medev.controller.StudentController required a bean of type 'com.medev.dao.StudentSearchDao' that could not be found.


Action:

Consider defining a bean of type 'com.medev.dao.StudentSearchDao' in your configuration.

2024-01-31 09:41:47,200 WARN o.s.t.c.TestContextManager [main] Caught exception while allowing TestExecutionListener [org.springframework.boot.test.mock.mockito.MockitoTestExecutionListener] to prepare test instance [com.medev.controller.StudentControllerTest@cc9ef8d]
java.lang.IllegalStateException: Failed to load ApplicationContext for [WebMergedContextConfiguration@1e30db85 testClass = com.medev.controller.StudentControllerTest, locations = [], classes = [com.medev.StudentApiApplication], contextInitializerClasses = [], activeProfiles = [], propertySourceDescriptors = [], propertySourceProperties = ["org.springframework.boot.test.autoconfigure.web.servlet.WebMvcTestContextBootstrapper=true"], contextCustomizers = [[ImportsContextCustomizer@19827608 key = [org.springframework.boot.autoconfigure.task.TaskExecutionAutoConfiguration, org.springframework.boot.autoconfigure.cache.CacheAutoConfiguration, org.springframework.boot.autoconfigure.web.servlet.HttpEncodingAutoConfiguration, org.springframework.boot.autoconfigure.validation.ValidationAutoConfiguration, org.springframework.boot.autoconfigure.context.MessageSourceAutoConfiguration, org.springframework.boot.autoconfigure.hateoas.HypermediaAutoConfiguration, org.springframework.boot.autoconfigure.data.web.SpringDataWebAutoConfiguration, org.springframework.boot.autoconfigure.jackson.JacksonAutoConfiguration, org.springframework.boot.test.autoconfigure.web.reactive.WebTestClientAutoConfiguration, org.springframework.boot.autoconfigure.web.servlet.error.ErrorMvcAutoConfiguration, org.springframework.boot.test.autoconfigure.web.servlet.MockMvcAutoConfiguration, org.springframework.boot.autoconfigure.security.servlet.SecurityAutoConfiguration, org.springframework.boot.autoconfigure.security.servlet.SecurityFilterAutoConfiguration, org.springframework.boot.autoconfigure.http.HttpMessageConvertersAutoConfiguration, org.springframework.boot.autoconfigure.security.oauth2.client.servlet.OAuth2ClientAutoConfiguration, org.springframework.boot.test.autoconfigure.web.servlet.MockMvcSecurityConfiguration, org.springframework.boot.test.autoconfigure.web.servlet.MockMvcWebClientAutoConfiguration, org.springframework.boot.test.autoconfigure.web.servlet.MockMvcWebDriverAutoConfiguration, org.springframework.boot.autoconfigure.thymeleaf.ThymeleafAutoConfiguration, org.springframework.boot.autoconfigure.gson.GsonAutoConfiguration, org.springframework.boot.autoconfigure.jsonb.JsonbAutoConfiguration, org.springframework.boot.autoconfigure.freemarker.FreeMarkerAutoConfiguration, org.springframework.boot.autoconfigure.web.servlet.WebMvcAutoConfiguration, org.springframework.boot.autoconfigure.security.servlet.UserDetailsServiceAutoConfiguration, org.springframework.boot.autoconfigure.security.oauth2.resource.servlet.OAuth2ResourceServerAutoConfiguration, org.springframework.boot.autoconfigure.groovy.template.GroovyTemplateAutoConfiguration, org.springframework.boot.autoconfigure.mustache.MustacheAutoConfiguration]], org.springframework.boot.test.context.filter.ExcludeFilterContextCustomizer@565f390, org.springframework.boot.test.json.DuplicateJsonObjectContextCustomizerFactory$DuplicateJsonObjectContextCustomizer@5e3f861, org.springframework.boot.test.mock.mockito.MockitoContextCustomizer@47c2350e, org.springframework.boot.test.autoconfigure.OverrideAutoConfigurationContextCustomizerFactory$DisableAutoConfigurationContextCustomizer@61710c6, org.springframework.boot.test.autoconfigure.actuate.observability.ObservabilityContextCustomizerFactory$DisableObservabilityContextCustomizer@1f, org.springframework.boot.test.autoconfigure.filter.TypeExcludeFiltersContextCustomizer@abfdcbda, org.springframework.boot.test.autoconfigure.properties.PropertyMappingContextCustomizer@21fbe436, org.springframework.boot.test.autoconfigure.web.servlet.WebDriverContextCustomizer@6950ed69, org.springframework.boot.test.context.SpringBootTestAnnotation@bf0cfc63], resourceBasePath = "src/main/webapp", contextLoader = org.springframework.boot.test.context.SpringBootContextLoader, parent = null]
	at org.springframework.test.context.cache.DefaultCacheAwareContextLoaderDelegate.loadContext(DefaultCacheAwareContextLoaderDelegate.java:180)
	at org.springframework.test.context.support.DefaultTestContext.getApplicationContext(DefaultTestContext.java:130)
	at org.springframework.boot.test.mock.mockito.MockitoTestExecutionListener.postProcessFields(MockitoTestExecutionListener.java:110)
	at org.springframework.boot.test.mock.mockito.MockitoTestExecutionListener.injectFields(MockitoTestExecutionListener.java:94)
	at org.springframework.boot.test.mock.mockito.MockitoTestExecutionListener.prepareTestInstance(MockitoTestExecutionListener.java:61)
	at org.springframework.test.context.TestContextManager.prepareTestInstance(TestContextManager.java:260)
	at org.springframework.test.context.junit4.SpringJUnit4ClassRunner.createTest(SpringJUnit4ClassRunner.java:228)
	at org.springframework.test.context.junit4.SpringJUnit4ClassRunner$1.runReflectiveCall(SpringJUnit4ClassRunner.java:289)
	at org.junit.internal.runners.model.ReflectiveCallable.run(ReflectiveCallable.java:12)
	at org.springframework.test.context.junit4.SpringJUnit4ClassRunner.methodBlock(SpringJUnit4ClassRunner.java:291)
	at org.springframework.test.context.junit4.SpringJUnit4ClassRunner.runChild(SpringJUnit4ClassRunner.java:247)
	at org.springframework.test.context.junit4.SpringJUnit4ClassRunner.runChild(SpringJUnit4ClassRunner.java:97)
	at org.junit.runners.ParentRunner$4.run(ParentRunner.java:331)
	at org.junit.runners.ParentRunner$1.schedule(ParentRunner.java:79)
	at org.junit.runners.ParentRunner.runChildren(ParentRunner.java:329)
	at org.junit.runners.ParentRunner.access$100(ParentRunner.java:66)
	at org.junit.runners.ParentRunner$2.evaluate(ParentRunner.java:293)
	at org.springframework.test.context.junit4.statements.RunBeforeTestClassCallbacks.evaluate(RunBeforeTestClassCallbacks.java:61)
	at org.springframework.test.context.junit4.statements.RunAfterTestClassCallbacks.evaluate(RunAfterTestClassCallbacks.java:70)
	at org.junit.runners.ParentRunner$3.evaluate(ParentRunner.java:306)
	at org.junit.runners.ParentRunner.run(ParentRunner.java:413)
	at org.springframework.test.context.junit4.SpringJUnit4ClassRunner.run(SpringJUnit4ClassRunner.java:191)
	at org.junit.runner.JUnitCore.run(JUnitCore.java:137)
	at com.intellij.junit4.JUnit4IdeaTestRunner.startRunnerWithArgs(JUnit4IdeaTestRunner.java:69)
	at com.intellij.rt.junit.IdeaTestRunner$Repeater$1.execute(IdeaTestRunner.java:38)
	at com.intellij.rt.execution.junit.TestsRepeater.repeat(TestsRepeater.java:11)
	at com.intellij.rt.junit.IdeaTestRunner$Repeater.startRunnerWithArgs(IdeaTestRunner.java:35)
	at com.intellij.rt.junit.JUnitStarter.prepareStreamsAndStart(JUnitStarter.java:232)
	at com.intellij.rt.junit.JUnitStarter.main(JUnitStarter.java:55)
Caused by: org.springframework.beans.factory.UnsatisfiedDependencyException: Error creating bean with name 'studentController' defined in file [C:\Users\Mohamed-Amine\Desktop\JAVA_REPO\student-api\target\classes\com\medev\controller\StudentController.class]: Unsatisfied dependency expressed through constructor parameter 1: No qualifying bean of type 'com.medev.dao.StudentSearchDao' available: expected at least 1 bean which qualifies as autowire candidate. Dependency annotations: {}
	at org.springframework.beans.factory.support.ConstructorResolver.createArgumentArray(ConstructorResolver.java:802)
	at org.springframework.beans.factory.support.ConstructorResolver.autowireConstructor(ConstructorResolver.java:241)
	at org.springframework.beans.factory.support.AbstractAutowireCapableBeanFactory.autowireConstructor(AbstractAutowireCapableBeanFactory.java:1354)
	at org.springframework.beans.factory.support.AbstractAutowireCapableBeanFactory.createBeanInstance(AbstractAutowireCapableBeanFactory.java:1191)
	at org.springframework.beans.factory.support.AbstractAutowireCapableBeanFactory.doCreateBean(AbstractAutowireCapableBeanFactory.java:561)
	at org.springframework.beans.factory.support.AbstractAutowireCapableBeanFactory.createBean(AbstractAutowireCapableBeanFactory.java:521)
	at org.springframework.beans.factory.support.AbstractBeanFactory.lambda$doGetBean$0(AbstractBeanFactory.java:325)
	at org.springframework.beans.factory.support.DefaultSingletonBeanRegistry.getSingleton(DefaultSingletonBeanRegistry.java:234)
	at org.springframework.beans.factory.support.AbstractBeanFactory.doGetBean(AbstractBeanFactory.java:323)
	at org.springframework.beans.factory.support.AbstractBeanFactory.getBean(AbstractBeanFactory.java:199)
	at org.springframework.beans.factory.support.DefaultListableBeanFactory.preInstantiateSingletons(DefaultListableBeanFactory.java:975)
	at org.springframework.context.support.AbstractApplicationContext.finishBeanFactoryInitialization(AbstractApplicationContext.java:960)
	at org.springframework.context.support.AbstractApplicationContext.refresh(AbstractApplicationContext.java:625)
	at org.springframework.boot.SpringApplication.refresh(SpringApplication.java:762)
	at org.springframework.boot.SpringApplication.refreshContext(SpringApplication.java:464)
	at org.springframework.boot.SpringApplication.run(SpringApplication.java:334)
	at org.springframework.boot.test.context.SpringBootContextLoader.lambda$loadContext$3(SpringBootContextLoader.java:137)
	at org.springframework.util.function.ThrowingSupplier.get(ThrowingSupplier.java:58)
	at org.springframework.util.function.ThrowingSupplier.get(ThrowingSupplier.java:46)
	at org.springframework.boot.SpringApplication.withHook(SpringApplication.java:1458)
	at org.springframework.boot.test.context.SpringBootContextLoader$ContextLoaderHook.run(SpringBootContextLoader.java:552)
	at org.springframework.boot.test.context.SpringBootContextLoader.loadContext(SpringBootContextLoader.java:137)
	at org.springframework.boot.test.context.SpringBootContextLoader.loadContext(SpringBootContextLoader.java:108)
	at org.springframework.test.context.cache.DefaultCacheAwareContextLoaderDelegate.loadContextInternal(DefaultCacheAwareContextLoaderDelegate.java:225)
	at org.springframework.test.context.cache.DefaultCacheAwareContextLoaderDelegate.loadContext(DefaultCacheAwareContextLoaderDelegate.java:152)
	... 28 common frames omitted
Caused by: org.springframework.beans.factory.NoSuchBeanDefinitionException: No qualifying bean of type 'com.medev.dao.StudentSearchDao' available: expected at least 1 bean which qualifies as autowire candidate. Dependency annotations: {}
	at org.springframework.beans.factory.support.DefaultListableBeanFactory.raiseNoMatchingBeanFound(DefaultListableBeanFactory.java:1880)
	at org.springframework.beans.factory.support.DefaultListableBeanFactory.doResolveDependency(DefaultListableBeanFactory.java:1406)
	at org.springframework.beans.factory.support.DefaultListableBeanFactory.resolveDependency(DefaultListableBeanFactory.java:1353)
	at org.springframework.beans.factory.support.ConstructorResolver.resolveAutowiredArgument(ConstructorResolver.java:911)
	at org.springframework.beans.factory.support.ConstructorResolver.createArgumentArray(ConstructorResolver.java:789)
	... 52 common frames omitted
2024-01-31 09:43:23,441 INFO o.s.t.c.s.AnnotationConfigContextLoaderUtils [main] Could not detect default configuration classes for test class [com.medev.controller.StudentControllerTest]: StudentControllerTest does not declare any static, non-private, non-final, nested classes annotated with @Configuration.
2024-01-31 09:43:23,605 INFO o.s.b.t.c.SpringBootTestContextBootstrapper [main] Found @SpringBootConfiguration com.medev.StudentApiApplication for test class com.medev.controller.StudentControllerTest
2024-01-31 09:43:23,991 INFO o.h.v.i.u.Version [background-preinit] HV000001: Hibernate Validator 8.0.1.Final
2024-01-31 09:43:24,031 INFO c.m.c.StudentControllerTest [main] Starting StudentControllerTest using Java 17.0.9 with PID 11128 (started by Mohamed-Amine in C:\Users\Mohamed-Amine\Desktop\JAVA_REPO\student-api)
2024-01-31 09:43:24,033 INFO c.m.c.StudentControllerTest [main] The following 1 profile is active: "dev"
2024-01-31 09:43:25,865 INFO o.s.b.t.m.w.SpringBootMockServletContext [main] Initializing Spring TestDispatcherServlet ''
2024-01-31 09:43:25,866 INFO o.s.t.w.s.TestDispatcherServlet [main] Initializing Servlet ''
2024-01-31 09:43:25,867 INFO o.s.t.w.s.TestDispatcherServlet [main] Completed initialization in 1 ms
2024-01-31 09:43:25,898 INFO c.m.c.StudentControllerTest [main] Started StudentControllerTest in 2.213 seconds (process running for 3.047)
2024-01-31 09:43:25,972 INFO c.m.c.StudentController [main] Start method get Student
2024-01-31 09:43:25,991 INFO c.m.c.StudentController [main] End method get Student
2024-01-31 09:49:30,121 INFO o.s.t.c.s.AnnotationConfigContextLoaderUtils [main] Could not detect default configuration classes for test class [com.medev.controller.StudentControllerTest]: StudentControllerTest does not declare any static, non-private, non-final, nested classes annotated with @Configuration.
2024-01-31 09:49:30,293 INFO o.s.b.t.c.SpringBootTestContextBootstrapper [main] Found @SpringBootConfiguration com.medev.StudentApiApplication for test class com.medev.controller.StudentControllerTest
2024-01-31 09:49:30,678 INFO o.h.v.i.u.Version [background-preinit] HV000001: Hibernate Validator 8.0.1.Final
2024-01-31 09:49:30,722 INFO c.m.c.StudentControllerTest [main] Starting StudentControllerTest using Java 17.0.9 with PID 11272 (started by Mohamed-Amine in C:\Users\Mohamed-Amine\Desktop\JAVA_REPO\student-api)
2024-01-31 09:49:30,723 INFO c.m.c.StudentControllerTest [main] The following 1 profile is active: "dev"
2024-01-31 09:49:32,593 INFO o.s.b.t.m.w.SpringBootMockServletContext [main] Initializing Spring TestDispatcherServlet ''
2024-01-31 09:49:32,593 INFO o.s.t.w.s.TestDispatcherServlet [main] Initializing Servlet ''
2024-01-31 09:49:32,595 INFO o.s.t.w.s.TestDispatcherServlet [main] Completed initialization in 1 ms
2024-01-31 09:49:32,631 INFO c.m.c.StudentControllerTest [main] Started StudentControllerTest in 2.262 seconds (process running for 3.119)
2024-01-31 09:49:32,703 INFO c.m.c.StudentController [main] Start method get Student
2024-01-31 09:49:32,719 INFO c.m.c.StudentController [main] End method get Student
2024-01-31 11:37:44,365 INFO o.s.t.c.s.AnnotationConfigContextLoaderUtils [main] Could not detect default configuration classes for test class [com.medev.controller.StudentControllerTest]: StudentControllerTest does not declare any static, non-private, non-final, nested classes annotated with @Configuration.
2024-01-31 11:37:44,535 INFO o.s.b.t.c.SpringBootTestContextBootstrapper [main] Found @SpringBootConfiguration com.medev.StudentApiApplication for test class com.medev.controller.StudentControllerTest
2024-01-31 11:37:44,900 INFO o.h.v.i.u.Version [background-preinit] HV000001: Hibernate Validator 8.0.1.Final
2024-01-31 11:37:44,940 INFO c.m.c.StudentControllerTest [main] Starting StudentControllerTest using Java 17.0.9 with PID 19204 (started by Mohamed-Amine in C:\Users\Mohamed-Amine\Desktop\JAVA_REPO\student-api)
2024-01-31 11:37:44,941 INFO c.m.c.StudentControllerTest [main] The following 1 profile is active: "dev"
2024-01-31 11:37:46,726 INFO o.s.b.t.m.w.SpringBootMockServletContext [main] Initializing Spring TestDispatcherServlet ''
2024-01-31 11:37:46,726 INFO o.s.t.w.s.TestDispatcherServlet [main] Initializing Servlet ''
2024-01-31 11:37:46,728 INFO o.s.t.w.s.TestDispatcherServlet [main] Completed initialization in 1 ms
2024-01-31 11:37:46,758 INFO c.m.c.StudentControllerTest [main] Started StudentControllerTest in 2.148 seconds (process running for 2.985)
2024-01-31 11:49:34,323 INFO o.s.t.c.s.AnnotationConfigContextLoaderUtils [main] Could not detect default configuration classes for test class [com.medev.controller.StudentControllerTest]: StudentControllerTest does not declare any static, non-private, non-final, nested classes annotated with @Configuration.
2024-01-31 11:49:34,480 INFO o.s.b.t.c.SpringBootTestContextBootstrapper [main] Found @SpringBootConfiguration com.medev.StudentApiApplication for test class com.medev.controller.StudentControllerTest
2024-01-31 11:49:34,847 INFO o.h.v.i.u.Version [background-preinit] HV000001: Hibernate Validator 8.0.1.Final
2024-01-31 11:49:34,882 INFO c.m.c.StudentControllerTest [main] Starting StudentControllerTest using Java 17.0.9 with PID 9108 (started by Mohamed-Amine in C:\Users\Mohamed-Amine\Desktop\JAVA_REPO\student-api)
2024-01-31 11:49:34,883 INFO c.m.c.StudentControllerTest [main] The following 1 profile is active: "dev"
2024-01-31 11:49:36,758 INFO o.s.b.t.m.w.SpringBootMockServletContext [main] Initializing Spring TestDispatcherServlet ''
2024-01-31 11:49:36,758 INFO o.s.t.w.s.TestDispatcherServlet [main] Initializing Servlet ''
2024-01-31 11:49:36,759 INFO o.s.t.w.s.TestDispatcherServlet [main] Completed initialization in 1 ms
2024-01-31 11:49:36,787 INFO c.m.c.StudentControllerTest [main] Started StudentControllerTest in 2.219 seconds (process running for 3.044)
2024-01-31 11:49:36,907 ERROR c.m.a.ApplicationControllerAdvice [main] No static resource students.
2024-01-31 11:50:21,171 INFO o.s.t.c.s.AnnotationConfigContextLoaderUtils [main] Could not detect default configuration classes for test class [com.medev.controller.StudentControllerTest]: StudentControllerTest does not declare any static, non-private, non-final, nested classes annotated with @Configuration.
2024-01-31 11:50:21,338 INFO o.s.b.t.c.SpringBootTestContextBootstrapper [main] Found @SpringBootConfiguration com.medev.StudentApiApplication for test class com.medev.controller.StudentControllerTest
2024-01-31 11:50:21,699 INFO o.h.v.i.u.Version [background-preinit] HV000001: Hibernate Validator 8.0.1.Final
2024-01-31 11:50:21,747 INFO c.m.c.StudentControllerTest [main] Starting StudentControllerTest using Java 17.0.9 with PID 19236 (started by Mohamed-Amine in C:\Users\Mohamed-Amine\Desktop\JAVA_REPO\student-api)
2024-01-31 11:50:21,748 INFO c.m.c.StudentControllerTest [main] The following 1 profile is active: "dev"
2024-01-31 11:50:23,597 INFO o.s.b.t.m.w.SpringBootMockServletContext [main] Initializing Spring TestDispatcherServlet ''
2024-01-31 11:50:23,598 INFO o.s.t.w.s.TestDispatcherServlet [main] Initializing Servlet ''
2024-01-31 11:50:23,599 INFO o.s.t.w.s.TestDispatcherServlet [main] Completed initialization in 1 ms
2024-01-31 11:50:23,624 INFO c.m.c.StudentControllerTest [main] Started StudentControllerTest in 2.213 seconds (process running for 3.073)
2024-01-31 11:50:23,807 INFO c.m.c.StudentController [main] Start method saveStudent
2024-01-31 11:50:23,810 INFO c.m.c.StudentController [main] End method saveStudent. Saved student: null
2024-01-31 11:51:51,812 INFO o.s.t.c.s.AnnotationConfigContextLoaderUtils [main] Could not detect default configuration classes for test class [com.medev.controller.StudentControllerTest]: StudentControllerTest does not declare any static, non-private, non-final, nested classes annotated with @Configuration.
2024-01-31 11:51:52,023 INFO o.s.b.t.c.SpringBootTestContextBootstrapper [main] Found @SpringBootConfiguration com.medev.StudentApiApplication for test class com.medev.controller.StudentControllerTest
2024-01-31 11:51:52,476 INFO o.h.v.i.u.Version [background-preinit] HV000001: Hibernate Validator 8.0.1.Final
2024-01-31 11:51:52,521 INFO c.m.c.StudentControllerTest [main] Starting StudentControllerTest using Java 17.0.9 with PID 6992 (started by Mohamed-Amine in C:\Users\Mohamed-Amine\Desktop\JAVA_REPO\student-api)
2024-01-31 11:51:52,523 INFO c.m.c.StudentControllerTest [main] The following 1 profile is active: "dev"
2024-01-31 11:51:54,402 INFO o.s.b.t.m.w.SpringBootMockServletContext [main] Initializing Spring TestDispatcherServlet ''
2024-01-31 11:51:54,403 INFO o.s.t.w.s.TestDispatcherServlet [main] Initializing Servlet ''
2024-01-31 11:51:54,404 INFO o.s.t.w.s.TestDispatcherServlet [main] Completed initialization in 1 ms
2024-01-31 11:51:54,442 INFO c.m.c.StudentControllerTest [main] Started StudentControllerTest in 2.324 seconds (process running for 3.225)
2024-01-31 11:51:54,626 INFO c.m.c.StudentController [main] Start method saveStudent
2024-01-31 11:51:54,627 INFO c.m.c.StudentController [main] End method saveStudent. Saved student: null
2024-01-31 11:53:52,161 INFO o.s.t.c.s.AnnotationConfigContextLoaderUtils [main] Could not detect default configuration classes for test class [com.medev.controller.StudentControllerTest]: StudentControllerTest does not declare any static, non-private, non-final, nested classes annotated with @Configuration.
2024-01-31 11:53:52,341 INFO o.s.b.t.c.SpringBootTestContextBootstrapper [main] Found @SpringBootConfiguration com.medev.StudentApiApplication for test class com.medev.controller.StudentControllerTest
2024-01-31 11:53:52,763 INFO o.h.v.i.u.Version [background-preinit] HV000001: Hibernate Validator 8.0.1.Final
2024-01-31 11:53:52,829 INFO c.m.c.StudentControllerTest [main] Starting StudentControllerTest using Java 17.0.9 with PID 4132 (started by Mohamed-Amine in C:\Users\Mohamed-Amine\Desktop\JAVA_REPO\student-api)
2024-01-31 11:53:52,831 INFO c.m.c.StudentControllerTest [main] The following 1 profile is active: "dev"
2024-01-31 11:53:54,699 INFO o.s.b.t.m.w.SpringBootMockServletContext [main] Initializing Spring TestDispatcherServlet ''
2024-01-31 11:53:54,700 INFO o.s.t.w.s.TestDispatcherServlet [main] Initializing Servlet ''
2024-01-31 11:53:54,703 INFO o.s.t.w.s.TestDispatcherServlet [main] Completed initialization in 2 ms
2024-01-31 11:53:54,738 INFO c.m.c.StudentControllerTest [main] Started StudentControllerTest in 2.297 seconds (process running for 3.196)
2024-01-31 11:53:54,917 INFO c.m.c.StudentController [main] Start method saveStudent
2024-01-31 11:53:54,918 INFO c.m.c.StudentController [main] End method saveStudent. Saved student: null
2024-01-31 11:57:47,440 INFO o.s.t.c.s.AnnotationConfigContextLoaderUtils [main] Could not detect default configuration classes for test class [com.medev.controller.StudentControllerTest]: StudentControllerTest does not declare any static, non-private, non-final, nested classes annotated with @Configuration.
2024-01-31 11:57:47,612 INFO o.s.b.t.c.SpringBootTestContextBootstrapper [main] Found @SpringBootConfiguration com.medev.StudentApiApplication for test class com.medev.controller.StudentControllerTest
2024-01-31 11:57:47,985 INFO o.h.v.i.u.Version [background-preinit] HV000001: Hibernate Validator 8.0.1.Final
2024-01-31 11:57:48,028 INFO c.m.c.StudentControllerTest [main] Starting StudentControllerTest using Java 17.0.9 with PID 20012 (started by Mohamed-Amine in C:\Users\Mohamed-Amine\Desktop\JAVA_REPO\student-api)
2024-01-31 11:57:48,029 INFO c.m.c.StudentControllerTest [main] The following 1 profile is active: "dev"
2024-01-31 11:57:49,983 INFO o.s.b.t.m.w.SpringBootMockServletContext [main] Initializing Spring TestDispatcherServlet ''
2024-01-31 11:57:49,984 INFO o.s.t.w.s.TestDispatcherServlet [main] Initializing Servlet ''
2024-01-31 11:57:49,986 INFO o.s.t.w.s.TestDispatcherServlet [main] Completed initialization in 2 ms
2024-01-31 11:57:50,018 INFO c.m.c.StudentControllerTest [main] Started StudentControllerTest in 2.331 seconds (process running for 3.16)
2024-01-31 11:57:50,197 INFO c.m.c.StudentController [main] Start method saveStudent
2024-01-31 11:57:50,202 INFO c.m.c.StudentController [main] End method saveStudent. Saved student: null
2024-01-31 11:59:09,382 INFO o.s.t.c.s.AnnotationConfigContextLoaderUtils [main] Could not detect default configuration classes for test class [com.medev.controller.StudentControllerTest]: StudentControllerTest does not declare any static, non-private, non-final, nested classes annotated with @Configuration.
2024-01-31 11:59:09,543 INFO o.s.b.t.c.SpringBootTestContextBootstrapper [main] Found @SpringBootConfiguration com.medev.StudentApiApplication for test class com.medev.controller.StudentControllerTest
2024-01-31 11:59:10,000 INFO o.h.v.i.u.Version [background-preinit] HV000001: Hibernate Validator 8.0.1.Final
2024-01-31 11:59:10,056 INFO c.m.c.StudentControllerTest [main] Starting StudentControllerTest using Java 17.0.9 with PID 19592 (started by Mohamed-Amine in C:\Users\Mohamed-Amine\Desktop\JAVA_REPO\student-api)
2024-01-31 11:59:10,058 INFO c.m.c.StudentControllerTest [main] The following 1 profile is active: "dev"
2024-01-31 11:59:11,900 INFO o.s.b.t.m.w.SpringBootMockServletContext [main] Initializing Spring TestDispatcherServlet ''
2024-01-31 11:59:11,901 INFO o.s.t.w.s.TestDispatcherServlet [main] Initializing Servlet ''
2024-01-31 11:59:11,902 INFO o.s.t.w.s.TestDispatcherServlet [main] Completed initialization in 1 ms
2024-01-31 11:59:11,930 INFO c.m.c.StudentControllerTest [main] Started StudentControllerTest in 2.297 seconds (process running for 3.181)
2024-01-31 11:59:12,089 INFO c.m.c.StudentController [main] Start method saveStudent
2024-01-31 11:59:12,090 INFO c.m.c.StudentController [main] End method saveStudent. Saved student: null
2024-01-31 12:02:00,949 INFO o.h.v.i.u.Version [background-preinit] HV000001: Hibernate Validator 8.0.1.Final
2024-01-31 12:02:00,982 INFO c.m.StudentApiApplication [main] Starting StudentApiApplication using Java 17.0.9 with PID 11112 (C:\Users\Mohamed-Amine\Desktop\JAVA_REPO\student-api\target\classes started by Mohamed-Amine in C:\Users\Mohamed-Amine\Desktop\JAVA_REPO\student-api)
2024-01-31 12:02:00,983 INFO c.m.StudentApiApplication [main] The following 1 profile is active: "dev"
2024-01-31 12:02:01,494 INFO o.s.d.r.c.RepositoryConfigurationDelegate [main] Bootstrapping Spring Data JPA repositories in DEFAULT mode.
2024-01-31 12:02:01,532 INFO o.s.d.r.c.RepositoryConfigurationDelegate [main] Finished Spring Data repository scanning in 33 ms. Found 1 JPA repository interface.
2024-01-31 12:02:01,880 INFO o.s.b.w.e.t.TomcatWebServer [main] Tomcat initialized with port 8082 (http)
2024-01-31 12:02:01,889 INFO o.a.c.h.Http11NioProtocol [main] Initializing ProtocolHandler ["http-nio-8082"]
2024-01-31 12:02:01,891 INFO o.a.c.c.StandardService [main] Starting service [Tomcat]
2024-01-31 12:02:01,891 INFO o.a.c.c.StandardEngine [main] Starting Servlet engine: [Apache Tomcat/10.1.17]
2024-01-31 12:02:01,938 INFO o.a.c.c.C.[.[.[/] [main] Initializing Spring embedded WebApplicationContext
2024-01-31 12:02:01,939 INFO o.s.b.w.s.c.ServletWebServerApplicationContext [main] Root WebApplicationContext: initialization completed in 927 ms
2024-01-31 12:02:02,041 INFO o.h.j.i.u.LogHelper [main] HHH000204: Processing PersistenceUnitInfo [name: default]
2024-01-31 12:02:02,127 INFO o.h.Version [main] HHH000412: Hibernate ORM core version 6.4.1.Final
2024-01-31 12:02:02,170 INFO o.h.c.i.RegionFactoryInitiator [main] HHH000026: Second-level cache disabled
2024-01-31 12:02:02,379 INFO o.s.o.j.p.SpringPersistenceUnitInfo [main] No LoadTimeWeaver setup: ignoring JPA class transformer
2024-01-31 12:02:02,407 INFO c.z.h.HikariDataSource [main] HikariPool-1 - Starting...
2024-01-31 12:02:02,505 INFO c.z.h.p.HikariPool [main] HikariPool-1 - Added connection org.postgresql.jdbc.PgConnection@150f41b9
2024-01-31 12:02:02,506 INFO c.z.h.HikariDataSource [main] HikariPool-1 - Start completed.
2024-01-31 12:02:03,270 INFO o.h.e.t.j.p.i.JtaPlatformInitiator [main] HHH000489: No JTA platform available (set 'hibernate.transaction.jta.platform' to enable JTA platform integration)
2024-01-31 12:02:03,325 INFO o.s.o.j.LocalContainerEntityManagerFactoryBean [main] Initialized JPA EntityManagerFactory for persistence unit 'default'
2024-01-31 12:02:03,593 WARN o.s.b.a.o.j.JpaBaseConfiguration$JpaWebConfiguration [main] spring.jpa.open-in-view is enabled by default. Therefore, database queries may be performed during view rendering. Explicitly configure spring.jpa.open-in-view to disable this warning
2024-01-31 12:02:03,847 INFO o.a.c.h.Http11NioProtocol [main] Starting ProtocolHandler ["http-nio-8082"]
2024-01-31 12:02:03,860 INFO o.s.b.w.e.t.TomcatWebServer [main] Tomcat started on port 8082 (http) with context path ''
2024-01-31 12:02:03,866 INFO c.m.StudentApiApplication [main] Started StudentApiApplication in 3.173 seconds (process running for 3.67)
2024-01-31 12:02:13,327 INFO o.a.c.c.C.[.[.[/] [http-nio-8082-exec-7] Initializing Spring DispatcherServlet 'dispatcherServlet'
2024-01-31 12:02:13,327 INFO o.s.w.s.DispatcherServlet [http-nio-8082-exec-7] Initializing Servlet 'dispatcherServlet'
2024-01-31 12:02:13,328 INFO o.s.w.s.DispatcherServlet [http-nio-8082-exec-7] Completed initialization in 1 ms
2024-01-31 12:02:13,411 INFO c.m.c.StudentController [http-nio-8082-exec-7] Start method saveStudent
2024-01-31 12:02:13,483 INFO c.m.c.StudentController [http-nio-8082-exec-7] End method saveStudent. Saved student: com.medev.dto.StudentDto@3178c90
2024-01-31 12:02:55,589 INFO o.s.o.j.LocalContainerEntityManagerFactoryBean [SpringApplicationShutdownHook] Closing JPA EntityManagerFactory for persistence unit 'default'
2024-01-31 12:02:55,590 INFO c.z.h.HikariDataSource [SpringApplicationShutdownHook] HikariPool-1 - Shutdown initiated...
2024-01-31 12:02:55,595 INFO c.z.h.HikariDataSource [SpringApplicationShutdownHook] HikariPool-1 - Shutdown completed.
2024-01-31 12:03:05,404 INFO o.s.t.c.s.AnnotationConfigContextLoaderUtils [main] Could not detect default configuration classes for test class [com.medev.controller.StudentControllerTest]: StudentControllerTest does not declare any static, non-private, non-final, nested classes annotated with @Configuration.
2024-01-31 12:03:05,572 INFO o.s.b.t.c.SpringBootTestContextBootstrapper [main] Found @SpringBootConfiguration com.medev.StudentApiApplication for test class com.medev.controller.StudentControllerTest
2024-01-31 12:03:05,953 INFO o.h.v.i.u.Version [background-preinit] HV000001: Hibernate Validator 8.0.1.Final
2024-01-31 12:03:05,995 INFO c.m.c.StudentControllerTest [main] Starting StudentControllerTest using Java 17.0.9 with PID 10292 (started by Mohamed-Amine in C:\Users\Mohamed-Amine\Desktop\JAVA_REPO\student-api)
2024-01-31 12:03:05,996 INFO c.m.c.StudentControllerTest [main] The following 1 profile is active: "dev"
2024-01-31 12:03:07,785 INFO o.s.b.t.m.w.SpringBootMockServletContext [main] Initializing Spring TestDispatcherServlet ''
2024-01-31 12:03:07,786 INFO o.s.t.w.s.TestDispatcherServlet [main] Initializing Servlet ''
2024-01-31 12:03:07,787 INFO o.s.t.w.s.TestDispatcherServlet [main] Completed initialization in 1 ms
2024-01-31 12:03:07,825 INFO c.m.c.StudentControllerTest [main] Started StudentControllerTest in 2.177 seconds (process running for 3.015)
2024-01-31 12:03:08,004 INFO c.m.c.StudentController [main] Start method saveStudent
2024-01-31 12:03:08,006 INFO c.m.c.StudentController [main] End method saveStudent. Saved student: null
2024-01-31 12:06:47,176 INFO o.s.t.c.s.AnnotationConfigContextLoaderUtils [main] Could not detect default configuration classes for test class [com.medev.controller.StudentControllerTest]: StudentControllerTest does not declare any static, non-private, non-final, nested classes annotated with @Configuration.
2024-01-31 12:06:47,316 INFO o.s.b.t.c.SpringBootTestContextBootstrapper [main] Found @SpringBootConfiguration com.medev.StudentApiApplication for test class com.medev.controller.StudentControllerTest
2024-01-31 12:06:47,707 INFO o.h.v.i.u.Version [background-preinit] HV000001: Hibernate Validator 8.0.1.Final
2024-01-31 12:06:47,763 INFO c.m.c.StudentControllerTest [main] Starting StudentControllerTest using Java 17.0.9 with PID 11400 (started by Mohamed-Amine in C:\Users\Mohamed-Amine\Desktop\JAVA_REPO\student-api)
2024-01-31 12:06:47,763 INFO c.m.c.StudentControllerTest [main] The following 1 profile is active: "dev"
2024-01-31 12:06:49,765 INFO o.s.b.t.m.w.SpringBootMockServletContext [main] Initializing Spring TestDispatcherServlet ''
2024-01-31 12:06:49,765 INFO o.s.t.w.s.TestDispatcherServlet [main] Initializing Servlet ''
2024-01-31 12:06:49,765 INFO o.s.t.w.s.TestDispatcherServlet [main] Completed initialization in 0 ms
2024-01-31 12:06:49,812 INFO c.m.c.StudentControllerTest [main] Started StudentControllerTest in 2.401 seconds (process running for 3.253)
2024-01-31 12:06:50,015 INFO c.m.c.StudentController [main] Start method saveStudent
2024-01-31 12:06:50,015 INFO c.m.c.StudentController [main] End method saveStudent. Saved student: null
2024-01-31 12:07:47,880 INFO o.s.t.c.s.AnnotationConfigContextLoaderUtils [main] Could not detect default configuration classes for test class [com.medev.controller.StudentControllerTest]: StudentControllerTest does not declare any static, non-private, non-final, nested classes annotated with @Configuration.
2024-01-31 12:07:48,051 INFO o.s.b.t.c.SpringBootTestContextBootstrapper [main] Found @SpringBootConfiguration com.medev.StudentApiApplication for test class com.medev.controller.StudentControllerTest
2024-01-31 12:07:48,403 INFO o.h.v.i.u.Version [background-preinit] HV000001: Hibernate Validator 8.0.1.Final
2024-01-31 12:07:48,447 INFO c.m.c.StudentControllerTest [main] Starting StudentControllerTest using Java 17.0.9 with PID 12272 (started by Mohamed-Amine in C:\Users\Mohamed-Amine\Desktop\JAVA_REPO\student-api)
2024-01-31 12:07:48,448 INFO c.m.c.StudentControllerTest [main] The following 1 profile is active: "dev"
2024-01-31 12:07:50,289 INFO o.s.b.t.m.w.SpringBootMockServletContext [main] Initializing Spring TestDispatcherServlet ''
2024-01-31 12:07:50,289 INFO o.s.t.w.s.TestDispatcherServlet [main] Initializing Servlet ''
2024-01-31 12:07:50,290 INFO o.s.t.w.s.TestDispatcherServlet [main] Completed initialization in 1 ms
2024-01-31 12:07:50,323 INFO c.m.c.StudentControllerTest [main] Started StudentControllerTest in 2.195 seconds (process running for 3.026)
2024-01-31 12:07:50,461 ERROR c.m.a.ApplicationControllerAdvice [main] Required request body is missing: public com.medev.dto.StudentDto com.medev.controller.StudentController.saveStudent(com.medev.dto.StudentDto)
2024-01-31 12:08:20,390 INFO o.s.t.c.s.AnnotationConfigContextLoaderUtils [main] Could not detect default configuration classes for test class [com.medev.controller.StudentControllerTest]: StudentControllerTest does not declare any static, non-private, non-final, nested classes annotated with @Configuration.
2024-01-31 12:08:20,541 INFO o.s.b.t.c.SpringBootTestContextBootstrapper [main] Found @SpringBootConfiguration com.medev.StudentApiApplication for test class com.medev.controller.StudentControllerTest
2024-01-31 12:08:20,912 INFO o.h.v.i.u.Version [background-preinit] HV000001: Hibernate Validator 8.0.1.Final
2024-01-31 12:08:20,952 INFO c.m.c.StudentControllerTest [main] Starting StudentControllerTest using Java 17.0.9 with PID 12692 (started by Mohamed-Amine in C:\Users\Mohamed-Amine\Desktop\JAVA_REPO\student-api)
2024-01-31 12:08:20,953 INFO c.m.c.StudentControllerTest [main] The following 1 profile is active: "dev"
2024-01-31 12:08:22,804 INFO o.s.b.t.m.w.SpringBootMockServletContext [main] Initializing Spring TestDispatcherServlet ''
2024-01-31 12:08:22,805 INFO o.s.t.w.s.TestDispatcherServlet [main] Initializing Servlet ''
2024-01-31 12:08:22,806 INFO o.s.t.w.s.TestDispatcherServlet [main] Completed initialization in 1 ms
2024-01-31 12:08:22,835 INFO c.m.c.StudentControllerTest [main] Started StudentControllerTest in 2.215 seconds (process running for 3.032)
2024-01-31 12:08:22,983 ERROR c.m.a.ApplicationControllerAdvice [main] Required request body is missing: public com.medev.dto.StudentDto com.medev.controller.StudentController.saveStudent(com.medev.dto.StudentDto)
2024-01-31 12:08:45,947 INFO o.s.t.c.s.AnnotationConfigContextLoaderUtils [main] Could not detect default configuration classes for test class [com.medev.controller.StudentControllerTest]: StudentControllerTest does not declare any static, non-private, non-final, nested classes annotated with @Configuration.
2024-01-31 12:08:46,113 INFO o.s.b.t.c.SpringBootTestContextBootstrapper [main] Found @SpringBootConfiguration com.medev.StudentApiApplication for test class com.medev.controller.StudentControllerTest
2024-01-31 12:08:46,483 INFO o.h.v.i.u.Version [background-preinit] HV000001: Hibernate Validator 8.0.1.Final
2024-01-31 12:08:46,526 INFO c.m.c.StudentControllerTest [main] Starting StudentControllerTest using Java 17.0.9 with PID 3588 (started by Mohamed-Amine in C:\Users\Mohamed-Amine\Desktop\JAVA_REPO\student-api)
2024-01-31 12:08:46,528 INFO c.m.c.StudentControllerTest [main] The following 1 profile is active: "dev"
2024-01-31 12:08:48,317 INFO o.s.b.t.m.w.SpringBootMockServletContext [main] Initializing Spring TestDispatcherServlet ''
2024-01-31 12:08:48,318 INFO o.s.t.w.s.TestDispatcherServlet [main] Initializing Servlet ''
2024-01-31 12:08:48,319 INFO o.s.t.w.s.TestDispatcherServlet [main] Completed initialization in 1 ms
2024-01-31 12:08:48,355 INFO c.m.c.StudentControllerTest [main] Started StudentControllerTest in 2.16 seconds (process running for 3.016)
2024-01-31 12:08:48,544 INFO c.m.c.StudentController [main] Start method saveStudent
2024-01-31 12:08:48,546 INFO c.m.c.StudentController [main] End method saveStudent. Saved student: null
2024-01-31 13:35:41,112 INFO o.s.t.c.s.AnnotationConfigContextLoaderUtils [main] Could not detect default configuration classes for test class [com.medev.controller.StudentControllerTest]: StudentControllerTest does not declare any static, non-private, non-final, nested classes annotated with @Configuration.
2024-01-31 13:35:41,273 INFO o.s.b.t.c.SpringBootTestContextBootstrapper [main] Found @SpringBootConfiguration com.medev.StudentApiApplication for test class com.medev.controller.StudentControllerTest
2024-01-31 13:35:41,630 INFO o.h.v.i.u.Version [background-preinit] HV000001: Hibernate Validator 8.0.1.Final
2024-01-31 13:35:41,681 INFO c.m.c.StudentControllerTest [main] Starting StudentControllerTest using Java 17.0.9 with PID 20260 (started by Mohamed-Amine in C:\Users\Mohamed-Amine\Desktop\JAVA_REPO\student-api)
2024-01-31 13:35:41,683 INFO c.m.c.StudentControllerTest [main] The following 1 profile is active: "dev"
2024-01-31 13:35:43,539 INFO o.s.b.t.m.w.SpringBootMockServletContext [main] Initializing Spring TestDispatcherServlet ''
2024-01-31 13:35:43,539 INFO o.s.t.w.s.TestDispatcherServlet [main] Initializing Servlet ''
2024-01-31 13:35:43,541 INFO o.s.t.w.s.TestDispatcherServlet [main] Completed initialization in 1 ms
2024-01-31 13:35:43,572 INFO c.m.c.StudentControllerTest [main] Started StudentControllerTest in 2.219 seconds (process running for 3.068)
2024-01-31 13:35:43,758 INFO c.m.c.StudentController [main] Start method saveStudent
2024-01-31 13:35:43,762 INFO c.m.c.StudentController [main] End method saveStudent. Saved student: null
2024-01-31 13:41:11,026 INFO o.s.t.c.s.AnnotationConfigContextLoaderUtils [main] Could not detect default configuration classes for test class [com.medev.controller.StudentControllerTest]: StudentControllerTest does not declare any static, non-private, non-final, nested classes annotated with @Configuration.
2024-01-31 13:41:11,197 INFO o.s.b.t.c.SpringBootTestContextBootstrapper [main] Found @SpringBootConfiguration com.medev.StudentApiApplication for test class com.medev.controller.StudentControllerTest
2024-01-31 13:41:11,575 INFO o.h.v.i.u.Version [background-preinit] HV000001: Hibernate Validator 8.0.1.Final
2024-01-31 13:41:11,616 INFO c.m.c.StudentControllerTest [main] Starting StudentControllerTest using Java 17.0.9 with PID 1632 (started by Mohamed-Amine in C:\Users\Mohamed-Amine\Desktop\JAVA_REPO\student-api)
2024-01-31 13:41:11,619 INFO c.m.c.StudentControllerTest [main] The following 1 profile is active: "dev"
2024-01-31 13:41:13,597 INFO o.s.b.t.m.w.SpringBootMockServletContext [main] Initializing Spring TestDispatcherServlet ''
2024-01-31 13:41:13,598 INFO o.s.t.w.s.TestDispatcherServlet [main] Initializing Servlet ''
2024-01-31 13:41:13,599 INFO o.s.t.w.s.TestDispatcherServlet [main] Completed initialization in 1 ms
2024-01-31 13:41:13,629 INFO c.m.c.StudentControllerTest [main] Started StudentControllerTest in 2.36 seconds (process running for 3.179)
2024-01-31 13:41:13,767 ERROR c.m.a.ApplicationControllerAdvice [main] Required request body is missing: public com.medev.dto.StudentDto com.medev.controller.StudentController.saveStudent(com.medev.dto.StudentDto)
2024-01-31 13:42:32,771 INFO o.s.t.c.s.AnnotationConfigContextLoaderUtils [main] Could not detect default configuration classes for test class [com.medev.controller.StudentControllerTest]: StudentControllerTest does not declare any static, non-private, non-final, nested classes annotated with @Configuration.
2024-01-31 13:42:32,942 INFO o.s.b.t.c.SpringBootTestContextBootstrapper [main] Found @SpringBootConfiguration com.medev.StudentApiApplication for test class com.medev.controller.StudentControllerTest
2024-01-31 13:42:33,347 INFO o.h.v.i.u.Version [background-preinit] HV000001: Hibernate Validator 8.0.1.Final
2024-01-31 13:42:33,391 INFO c.m.c.StudentControllerTest [main] Starting StudentControllerTest using Java 17.0.9 with PID 17576 (started by Mohamed-Amine in C:\Users\Mohamed-Amine\Desktop\JAVA_REPO\student-api)
2024-01-31 13:42:33,392 INFO c.m.c.StudentControllerTest [main] The following 1 profile is active: "dev"
2024-01-31 13:42:35,343 INFO o.s.b.t.m.w.SpringBootMockServletContext [main] Initializing Spring TestDispatcherServlet ''
2024-01-31 13:42:35,344 INFO o.s.t.w.s.TestDispatcherServlet [main] Initializing Servlet ''
2024-01-31 13:42:35,345 INFO o.s.t.w.s.TestDispatcherServlet [main] Completed initialization in 1 ms
2024-01-31 13:42:35,374 INFO c.m.c.StudentControllerTest [main] Started StudentControllerTest in 2.35 seconds (process running for 3.208)
2024-01-31 13:42:35,571 INFO c.m.c.StudentController [main] Start method saveStudent
2024-01-31 13:42:35,574 INFO c.m.c.StudentController [main] End method saveStudent. Saved student: null
2024-01-31 13:44:10,001 INFO o.s.t.c.s.AnnotationConfigContextLoaderUtils [main] Could not detect default configuration classes for test class [com.medev.controller.StudentControllerTest]: StudentControllerTest does not declare any static, non-private, non-final, nested classes annotated with @Configuration.
2024-01-31 13:44:10,162 INFO o.s.b.t.c.SpringBootTestContextBootstrapper [main] Found @SpringBootConfiguration com.medev.StudentApiApplication for test class com.medev.controller.StudentControllerTest
2024-01-31 13:44:10,564 INFO o.h.v.i.u.Version [background-preinit] HV000001: Hibernate Validator 8.0.1.Final
2024-01-31 13:44:10,609 INFO c.m.c.StudentControllerTest [main] Starting StudentControllerTest using Java 17.0.9 with PID 6464 (started by Mohamed-Amine in C:\Users\Mohamed-Amine\Desktop\JAVA_REPO\student-api)
2024-01-31 13:44:10,611 INFO c.m.c.StudentControllerTest [main] The following 1 profile is active: "dev"
2024-01-31 13:44:12,434 INFO o.s.b.t.m.w.SpringBootMockServletContext [main] Initializing Spring TestDispatcherServlet ''
2024-01-31 13:44:12,434 INFO o.s.t.w.s.TestDispatcherServlet [main] Initializing Servlet ''
2024-01-31 13:44:12,435 INFO o.s.t.w.s.TestDispatcherServlet [main] Completed initialization in 1 ms
2024-01-31 13:44:12,463 INFO c.m.c.StudentControllerTest [main] Started StudentControllerTest in 2.209 seconds (process running for 3.059)
2024-01-31 13:44:12,637 INFO c.m.c.StudentController [main] Start method saveStudent
2024-01-31 13:44:12,643 INFO c.m.c.StudentController [main] End method saveStudent. Saved student: null
2024-01-31 13:45:07,428 INFO o.s.t.c.s.AnnotationConfigContextLoaderUtils [main] Could not detect default configuration classes for test class [com.medev.controller.StudentControllerTest]: StudentControllerTest does not declare any static, non-private, non-final, nested classes annotated with @Configuration.
2024-01-31 13:45:07,586 INFO o.s.b.t.c.SpringBootTestContextBootstrapper [main] Found @SpringBootConfiguration com.medev.StudentApiApplication for test class com.medev.controller.StudentControllerTest
2024-01-31 13:45:07,949 INFO o.h.v.i.u.Version [background-preinit] HV000001: Hibernate Validator 8.0.1.Final
2024-01-31 13:45:07,987 INFO c.m.c.StudentControllerTest [main] Starting StudentControllerTest using Java 17.0.9 with PID 12296 (started by Mohamed-Amine in C:\Users\Mohamed-Amine\Desktop\JAVA_REPO\student-api)
2024-01-31 13:45:07,992 INFO c.m.c.StudentControllerTest [main] The following 1 profile is active: "dev"
2024-01-31 13:45:09,827 INFO o.s.b.t.m.w.SpringBootMockServletContext [main] Initializing Spring TestDispatcherServlet ''
2024-01-31 13:45:09,827 INFO o.s.t.w.s.TestDispatcherServlet [main] Initializing Servlet ''
2024-01-31 13:45:09,828 INFO o.s.t.w.s.TestDispatcherServlet [main] Completed initialization in 1 ms
2024-01-31 13:45:09,862 INFO c.m.c.StudentControllerTest [main] Started StudentControllerTest in 2.197 seconds (process running for 3.038)
2024-01-31 13:45:10,034 INFO c.m.c.StudentController [main] Start method saveStudent
2024-01-31 13:45:10,036 INFO c.m.c.StudentController [main] End method saveStudent. Saved student: null
2024-01-31 13:45:48,055 INFO o.s.t.c.s.AnnotationConfigContextLoaderUtils [main] Could not detect default configuration classes for test class [com.medev.controller.StudentControllerTest]: StudentControllerTest does not declare any static, non-private, non-final, nested classes annotated with @Configuration.
2024-01-31 13:45:48,219 INFO o.s.b.t.c.SpringBootTestContextBootstrapper [main] Found @SpringBootConfiguration com.medev.StudentApiApplication for test class com.medev.controller.StudentControllerTest
2024-01-31 13:45:48,657 INFO o.h.v.i.u.Version [background-preinit] HV000001: Hibernate Validator 8.0.1.Final
2024-01-31 13:45:48,698 INFO c.m.c.StudentControllerTest [main] Starting StudentControllerTest using Java 17.0.9 with PID 15416 (started by Mohamed-Amine in C:\Users\Mohamed-Amine\Desktop\JAVA_REPO\student-api)
2024-01-31 13:45:48,700 INFO c.m.c.StudentControllerTest [main] The following 1 profile is active: "dev"
2024-01-31 13:45:50,532 INFO o.s.b.t.m.w.SpringBootMockServletContext [main] Initializing Spring TestDispatcherServlet ''
2024-01-31 13:45:50,533 INFO o.s.t.w.s.TestDispatcherServlet [main] Initializing Servlet ''
2024-01-31 13:45:50,533 INFO o.s.t.w.s.TestDispatcherServlet [main] Completed initialization in 0 ms
2024-01-31 13:45:50,563 INFO c.m.c.StudentControllerTest [main] Started StudentControllerTest in 2.271 seconds (process running for 3.165)
2024-01-31 13:45:50,752 INFO c.m.c.StudentController [main] Start method saveStudent
2024-01-31 13:45:50,755 INFO c.m.c.StudentController [main] End method saveStudent. Saved student: null
2024-01-31 13:47:30,783 INFO o.s.t.c.s.AnnotationConfigContextLoaderUtils [main] Could not detect default configuration classes for test class [com.medev.controller.StudentControllerTest]: StudentControllerTest does not declare any static, non-private, non-final, nested classes annotated with @Configuration.
2024-01-31 13:47:30,944 INFO o.s.b.t.c.SpringBootTestContextBootstrapper [main] Found @SpringBootConfiguration com.medev.StudentApiApplication for test class com.medev.controller.StudentControllerTest
2024-01-31 13:47:31,317 INFO o.h.v.i.u.Version [background-preinit] HV000001: Hibernate Validator 8.0.1.Final
2024-01-31 13:47:31,360 INFO c.m.c.StudentControllerTest [main] Starting StudentControllerTest using Java 17.0.9 with PID 856 (started by Mohamed-Amine in C:\Users\Mohamed-Amine\Desktop\JAVA_REPO\student-api)
2024-01-31 13:47:31,361 INFO c.m.c.StudentControllerTest [main] The following 1 profile is active: "dev"
2024-01-31 13:47:33,242 INFO o.s.b.t.m.w.SpringBootMockServletContext [main] Initializing Spring TestDispatcherServlet ''
2024-01-31 13:47:33,242 INFO o.s.t.w.s.TestDispatcherServlet [main] Initializing Servlet ''
2024-01-31 13:47:33,244 INFO o.s.t.w.s.TestDispatcherServlet [main] Completed initialization in 1 ms
2024-01-31 13:47:33,279 INFO c.m.c.StudentControllerTest [main] Started StudentControllerTest in 2.253 seconds (process running for 3.123)
2024-01-31 13:47:33,461 INFO c.m.c.StudentController [main] Start method saveStudent
2024-01-31 13:47:33,463 INFO c.m.c.StudentController [main] End method saveStudent. Saved student: null
2024-01-31 13:48:08,372 INFO o.s.t.c.s.AnnotationConfigContextLoaderUtils [main] Could not detect default configuration classes for test class [com.medev.controller.StudentControllerTest]: StudentControllerTest does not declare any static, non-private, non-final, nested classes annotated with @Configuration.
2024-01-31 13:48:08,531 INFO o.s.b.t.c.SpringBootTestContextBootstrapper [main] Found @SpringBootConfiguration com.medev.StudentApiApplication for test class com.medev.controller.StudentControllerTest
2024-01-31 13:48:08,925 INFO o.h.v.i.u.Version [background-preinit] HV000001: Hibernate Validator 8.0.1.Final
2024-01-31 13:48:08,972 INFO c.m.c.StudentControllerTest [main] Starting StudentControllerTest using Java 17.0.9 with PID 20240 (started by Mohamed-Amine in C:\Users\Mohamed-Amine\Desktop\JAVA_REPO\student-api)
2024-01-31 13:48:08,974 INFO c.m.c.StudentControllerTest [main] The following 1 profile is active: "dev"
2024-01-31 13:48:10,948 INFO o.s.b.t.m.w.SpringBootMockServletContext [main] Initializing Spring TestDispatcherServlet ''
2024-01-31 13:48:10,948 INFO o.s.t.w.s.TestDispatcherServlet [main] Initializing Servlet ''
2024-01-31 13:48:10,949 INFO o.s.t.w.s.TestDispatcherServlet [main] Completed initialization in 1 ms
2024-01-31 13:48:10,979 INFO c.m.c.StudentControllerTest [main] Started StudentControllerTest in 2.368 seconds (process running for 3.213)
2024-01-31 13:48:11,113 ERROR c.m.a.ApplicationControllerAdvice [main] Content-Type 'application/octet-stream' is not supported
2024-01-31 13:48:39,654 INFO o.s.t.c.s.AnnotationConfigContextLoaderUtils [main] Could not detect default configuration classes for test class [com.medev.controller.StudentControllerTest]: StudentControllerTest does not declare any static, non-private, non-final, nested classes annotated with @Configuration.
2024-01-31 13:48:39,837 INFO o.s.b.t.c.SpringBootTestContextBootstrapper [main] Found @SpringBootConfiguration com.medev.StudentApiApplication for test class com.medev.controller.StudentControllerTest
2024-01-31 13:48:40,251 INFO o.h.v.i.u.Version [background-preinit] HV000001: Hibernate Validator 8.0.1.Final
2024-01-31 13:48:40,287 INFO c.m.c.StudentControllerTest [main] Starting StudentControllerTest using Java 17.0.9 with PID 19464 (started by Mohamed-Amine in C:\Users\Mohamed-Amine\Desktop\JAVA_REPO\student-api)
2024-01-31 13:48:40,288 INFO c.m.c.StudentControllerTest [main] The following 1 profile is active: "dev"
2024-01-31 13:48:42,172 INFO o.s.b.t.m.w.SpringBootMockServletContext [main] Initializing Spring TestDispatcherServlet ''
2024-01-31 13:48:42,174 INFO o.s.t.w.s.TestDispatcherServlet [main] Initializing Servlet ''
2024-01-31 13:48:42,175 INFO o.s.t.w.s.TestDispatcherServlet [main] Completed initialization in 0 ms
2024-01-31 13:48:42,211 INFO c.m.c.StudentControllerTest [main] Started StudentControllerTest in 2.282 seconds (process running for 3.181)
2024-01-31 13:48:42,353 ERROR c.m.a.ApplicationControllerAdvice [main] Content-Type 'application/octet-stream' is not supported
2024-01-31 13:49:22,937 INFO o.s.t.c.s.AnnotationConfigContextLoaderUtils [main] Could not detect default configuration classes for test class [com.medev.controller.StudentControllerTest]: StudentControllerTest does not declare any static, non-private, non-final, nested classes annotated with @Configuration.
2024-01-31 13:49:23,082 INFO o.s.b.t.c.SpringBootTestContextBootstrapper [main] Found @SpringBootConfiguration com.medev.StudentApiApplication for test class com.medev.controller.StudentControllerTest
2024-01-31 13:49:23,458 INFO o.h.v.i.u.Version [background-preinit] HV000001: Hibernate Validator 8.0.1.Final
2024-01-31 13:49:23,502 INFO c.m.c.StudentControllerTest [main] Starting StudentControllerTest using Java 17.0.9 with PID 14340 (started by Mohamed-Amine in C:\Users\Mohamed-Amine\Desktop\JAVA_REPO\student-api)
2024-01-31 13:49:23,503 INFO c.m.c.StudentControllerTest [main] The following 1 profile is active: "dev"
2024-01-31 13:49:25,345 INFO o.s.b.t.m.w.SpringBootMockServletContext [main] Initializing Spring TestDispatcherServlet ''
2024-01-31 13:49:25,345 INFO o.s.t.w.s.TestDispatcherServlet [main] Initializing Servlet ''
2024-01-31 13:49:25,346 INFO o.s.t.w.s.TestDispatcherServlet [main] Completed initialization in 0 ms
2024-01-31 13:49:25,375 INFO c.m.c.StudentControllerTest [main] Started StudentControllerTest in 2.201 seconds (process running for 3.043)
2024-01-31 13:49:25,512 INFO c.m.c.StudentController [main] Start method saveStudent
2024-01-31 13:49:25,515 INFO c.m.c.StudentController [main] End method saveStudent. Saved student: null
2024-01-31 13:55:00,809 INFO o.s.t.c.s.AnnotationConfigContextLoaderUtils [main] Could not detect default configuration classes for test class [com.medev.controller.StudentControllerTest]: StudentControllerTest does not declare any static, non-private, non-final, nested classes annotated with @Configuration.
2024-01-31 13:55:00,977 INFO o.s.b.t.c.SpringBootTestContextBootstrapper [main] Found @SpringBootConfiguration com.medev.StudentApiApplication for test class com.medev.controller.StudentControllerTest
2024-01-31 13:55:01,349 INFO o.h.v.i.u.Version [background-preinit] HV000001: Hibernate Validator 8.0.1.Final
2024-01-31 13:55:01,393 INFO c.m.c.StudentControllerTest [main] Starting StudentControllerTest using Java 17.0.9 with PID 15320 (started by Mohamed-Amine in C:\Users\Mohamed-Amine\Desktop\JAVA_REPO\student-api)
2024-01-31 13:55:01,394 INFO c.m.c.StudentControllerTest [main] The following 1 profile is active: "dev"
2024-01-31 13:55:03,239 INFO o.s.b.t.m.w.SpringBootMockServletContext [main] Initializing Spring TestDispatcherServlet ''
2024-01-31 13:55:03,239 INFO o.s.t.w.s.TestDispatcherServlet [main] Initializing Servlet ''
2024-01-31 13:55:03,240 INFO o.s.t.w.s.TestDispatcherServlet [main] Completed initialization in 1 ms
2024-01-31 13:55:03,270 INFO c.m.c.StudentControllerTest [main] Started StudentControllerTest in 2.213 seconds (process running for 3.112)
2024-01-31 13:55:03,446 INFO c.m.c.StudentController [main] Start method saveStudent
2024-01-31 13:55:03,450 INFO c.m.c.StudentController [main] End method saveStudent. Saved student: com.medev.dto.StudentDto@333d44f6
2024-01-31 13:55:30,101 INFO o.s.t.c.s.AnnotationConfigContextLoaderUtils [main] Could not detect default configuration classes for test class [com.medev.controller.StudentControllerTest]: StudentControllerTest does not declare any static, non-private, non-final, nested classes annotated with @Configuration.
2024-01-31 13:55:30,265 INFO o.s.b.t.c.SpringBootTestContextBootstrapper [main] Found @SpringBootConfiguration com.medev.StudentApiApplication for test class com.medev.controller.StudentControllerTest
2024-01-31 13:55:30,637 INFO o.h.v.i.u.Version [background-preinit] HV000001: Hibernate Validator 8.0.1.Final
2024-01-31 13:55:30,680 INFO c.m.c.StudentControllerTest [main] Starting StudentControllerTest using Java 17.0.9 with PID 19504 (started by Mohamed-Amine in C:\Users\Mohamed-Amine\Desktop\JAVA_REPO\student-api)
2024-01-31 13:55:30,682 INFO c.m.c.StudentControllerTest [main] The following 1 profile is active: "dev"
2024-01-31 13:55:32,550 INFO o.s.b.t.m.w.SpringBootMockServletContext [main] Initializing Spring TestDispatcherServlet ''
2024-01-31 13:55:32,551 INFO o.s.t.w.s.TestDispatcherServlet [main] Initializing Servlet ''
2024-01-31 13:55:32,552 INFO o.s.t.w.s.TestDispatcherServlet [main] Completed initialization in 1 ms
2024-01-31 13:55:32,585 INFO c.m.c.StudentControllerTest [main] Started StudentControllerTest in 2.238 seconds (process running for 3.072)
2024-01-31 13:55:32,752 INFO c.m.c.StudentController [main] Start method saveStudent
2024-01-31 13:55:32,756 INFO c.m.c.StudentController [main] End method saveStudent. Saved student: com.medev.dto.StudentDto@278fe428
2024-01-31 13:55:50,678 INFO o.s.t.c.s.AnnotationConfigContextLoaderUtils [main] Could not detect default configuration classes for test class [com.medev.controller.StudentControllerTest]: StudentControllerTest does not declare any static, non-private, non-final, nested classes annotated with @Configuration.
2024-01-31 13:55:50,839 INFO o.s.b.t.c.SpringBootTestContextBootstrapper [main] Found @SpringBootConfiguration com.medev.StudentApiApplication for test class com.medev.controller.StudentControllerTest
2024-01-31 13:55:51,227 INFO o.h.v.i.u.Version [background-preinit] HV000001: Hibernate Validator 8.0.1.Final
2024-01-31 13:55:51,263 INFO c.m.c.StudentControllerTest [main] Starting StudentControllerTest using Java 17.0.9 with PID 3476 (started by Mohamed-Amine in C:\Users\Mohamed-Amine\Desktop\JAVA_REPO\student-api)
2024-01-31 13:55:51,264 INFO c.m.c.StudentControllerTest [main] The following 1 profile is active: "dev"
2024-01-31 13:55:53,167 INFO o.s.b.t.m.w.SpringBootMockServletContext [main] Initializing Spring TestDispatcherServlet ''
2024-01-31 13:55:53,168 INFO o.s.t.w.s.TestDispatcherServlet [main] Initializing Servlet ''
2024-01-31 13:55:53,169 INFO o.s.t.w.s.TestDispatcherServlet [main] Completed initialization in 1 ms
2024-01-31 13:55:53,199 INFO c.m.c.StudentControllerTest [main] Started StudentControllerTest in 2.277 seconds (process running for 3.109)
2024-01-31 13:55:53,403 INFO c.m.c.StudentController [main] Start method saveStudent
2024-01-31 13:55:53,408 INFO c.m.c.StudentController [main] End method saveStudent. Saved student: com.medev.dto.StudentDto@9e62fb
2024-01-31 13:56:28,346 INFO o.s.t.c.s.AnnotationConfigContextLoaderUtils [main] Could not detect default configuration classes for test class [com.medev.controller.StudentControllerTest]: StudentControllerTest does not declare any static, non-private, non-final, nested classes annotated with @Configuration.
2024-01-31 13:56:28,500 INFO o.s.b.t.c.SpringBootTestContextBootstrapper [main] Found @SpringBootConfiguration com.medev.StudentApiApplication for test class com.medev.controller.StudentControllerTest
2024-01-31 13:56:28,889 INFO o.h.v.i.u.Version [background-preinit] HV000001: Hibernate Validator 8.0.1.Final
2024-01-31 13:56:28,933 INFO c.m.c.StudentControllerTest [main] Starting StudentControllerTest using Java 17.0.9 with PID 4468 (started by Mohamed-Amine in C:\Users\Mohamed-Amine\Desktop\JAVA_REPO\student-api)
2024-01-31 13:56:28,935 INFO c.m.c.StudentControllerTest [main] The following 1 profile is active: "dev"
2024-01-31 13:56:30,945 INFO o.s.b.t.m.w.SpringBootMockServletContext [main] Initializing Spring TestDispatcherServlet ''
2024-01-31 13:56:30,946 INFO o.s.t.w.s.TestDispatcherServlet [main] Initializing Servlet ''
2024-01-31 13:56:30,947 INFO o.s.t.w.s.TestDispatcherServlet [main] Completed initialization in 1 ms
2024-01-31 13:56:30,991 INFO c.m.c.StudentControllerTest [main] Started StudentControllerTest in 2.404 seconds (process running for 3.223)
2024-01-31 13:56:31,202 INFO c.m.c.StudentController [main] Start method saveStudent
2024-01-31 13:56:31,204 INFO c.m.c.StudentController [main] End method saveStudent. Saved student: StudentDto{id=null, firstName='John', lastName='Doe', phone='0612345678'}
2024-01-31 17:46:23,334 INFO o.s.t.c.s.AnnotationConfigContextLoaderUtils [main] Could not detect default configuration classes for test class [com.medev.controller.StudentControllerTest]: StudentControllerTest does not declare any static, non-private, non-final, nested classes annotated with @Configuration.
2024-01-31 17:46:23,514 INFO o.s.b.t.c.SpringBootTestContextBootstrapper [main] Found @SpringBootConfiguration com.medev.StudentApiApplication for test class com.medev.controller.StudentControllerTest
2024-01-31 17:46:23,849 INFO o.h.v.i.u.Version [background-preinit] HV000001: Hibernate Validator 8.0.1.Final
2024-01-31 17:46:23,887 INFO c.m.c.StudentControllerTest [main] Starting StudentControllerTest using Java 17.0.9 with PID 4116 (started by Mohamed-Amine in C:\Users\Mohamed-Amine\Desktop\JAVA_REPO\student-api)
2024-01-31 17:46:23,889 INFO c.m.c.StudentControllerTest [main] The following 1 profile is active: "dev"
2024-01-31 17:46:25,510 INFO o.s.b.t.m.w.SpringBootMockServletContext [main] Initializing Spring TestDispatcherServlet ''
2024-01-31 17:46:25,511 INFO o.s.t.w.s.TestDispatcherServlet [main] Initializing Servlet ''
2024-01-31 17:46:25,513 INFO o.s.t.w.s.TestDispatcherServlet [main] Completed initialization in 2 ms
2024-01-31 17:46:25,543 INFO c.m.c.StudentControllerTest [main] Started StudentControllerTest in 1.955 seconds (process running for 3.397)
2024-01-31 17:46:25,742 INFO c.m.c.StudentController [main] Start method updateStudent for student with ID 1
2024-01-31 17:46:25,745 INFO c.m.c.StudentController [main] End method updateStudent. Updated student: null
2024-01-31 17:47:29,704 INFO o.s.t.c.s.AnnotationConfigContextLoaderUtils [main] Could not detect default configuration classes for test class [com.medev.controller.StudentControllerTest]: StudentControllerTest does not declare any static, non-private, non-final, nested classes annotated with @Configuration.
2024-01-31 17:47:29,841 INFO o.s.b.t.c.SpringBootTestContextBootstrapper [main] Found @SpringBootConfiguration com.medev.StudentApiApplication for test class com.medev.controller.StudentControllerTest
2024-01-31 17:47:30,134 INFO o.h.v.i.u.Version [background-preinit] HV000001: Hibernate Validator 8.0.1.Final
2024-01-31 17:47:30,170 INFO c.m.c.StudentControllerTest [main] Starting StudentControllerTest using Java 17.0.9 with PID 4532 (started by Mohamed-Amine in C:\Users\Mohamed-Amine\Desktop\JAVA_REPO\student-api)
2024-01-31 17:47:30,172 INFO c.m.c.StudentControllerTest [main] The following 1 profile is active: "dev"
2024-01-31 17:47:31,717 INFO o.s.b.t.m.w.SpringBootMockServletContext [main] Initializing Spring TestDispatcherServlet ''
2024-01-31 17:47:31,717 INFO o.s.t.w.s.TestDispatcherServlet [main] Initializing Servlet ''
2024-01-31 17:47:31,719 INFO o.s.t.w.s.TestDispatcherServlet [main] Completed initialization in 1 ms
2024-01-31 17:47:31,743 INFO c.m.c.StudentControllerTest [main] Started StudentControllerTest in 1.839 seconds (process running for 2.562)
2024-01-31 17:47:31,900 INFO c.m.c.StudentController [main] Start method updateStudent for student with ID 1
2024-01-31 17:47:31,905 INFO c.m.c.StudentController [main] End method updateStudent. Updated student: StudentDto{id=null, firstName='Amine', lastName='Rguig', phone='0632996002'}
2024-01-31 17:48:14,676 INFO o.s.t.c.s.AnnotationConfigContextLoaderUtils [main] Could not detect default configuration classes for test class [com.medev.controller.StudentControllerTest]: StudentControllerTest does not declare any static, non-private, non-final, nested classes annotated with @Configuration.
2024-01-31 17:48:14,799 INFO o.s.b.t.c.SpringBootTestContextBootstrapper [main] Found @SpringBootConfiguration com.medev.StudentApiApplication for test class com.medev.controller.StudentControllerTest
2024-01-31 17:48:15,117 INFO o.h.v.i.u.Version [background-preinit] HV000001: Hibernate Validator 8.0.1.Final
2024-01-31 17:48:15,161 INFO c.m.c.StudentControllerTest [main] Starting StudentControllerTest using Java 17.0.9 with PID 20692 (started by Mohamed-Amine in C:\Users\Mohamed-Amine\Desktop\JAVA_REPO\student-api)
2024-01-31 17:48:15,163 INFO c.m.c.StudentControllerTest [main] The following 1 profile is active: "dev"
2024-01-31 17:48:16,704 INFO o.s.b.t.m.w.SpringBootMockServletContext [main] Initializing Spring TestDispatcherServlet ''
2024-01-31 17:48:16,704 INFO o.s.t.w.s.TestDispatcherServlet [main] Initializing Servlet ''
2024-01-31 17:48:16,706 INFO o.s.t.w.s.TestDispatcherServlet [main] Completed initialization in 1 ms
2024-01-31 17:48:16,734 INFO c.m.c.StudentControllerTest [main] Started StudentControllerTest in 1.857 seconds (process running for 2.598)
2024-01-31 17:48:16,878 INFO c.m.c.StudentController [main] Start method updateStudent for student with ID 1
2024-01-31 17:48:16,881 INFO c.m.c.StudentController [main] End method updateStudent. Updated student: StudentDto{id=null, firstName='Amine', lastName='Rguig', phone='0632996002'}
2024-01-31 17:49:28,571 INFO o.s.t.c.s.AnnotationConfigContextLoaderUtils [main] Could not detect default configuration classes for test class [com.medev.controller.StudentControllerTest]: StudentControllerTest does not declare any static, non-private, non-final, nested classes annotated with @Configuration.
2024-01-31 17:49:28,704 INFO o.s.b.t.c.SpringBootTestContextBootstrapper [main] Found @SpringBootConfiguration com.medev.StudentApiApplication for test class com.medev.controller.StudentControllerTest
2024-01-31 17:49:29,004 INFO o.h.v.i.u.Version [background-preinit] HV000001: Hibernate Validator 8.0.1.Final
2024-01-31 17:49:29,037 INFO c.m.c.StudentControllerTest [main] Starting StudentControllerTest using Java 17.0.9 with PID 7476 (started by Mohamed-Amine in C:\Users\Mohamed-Amine\Desktop\JAVA_REPO\student-api)
2024-01-31 17:49:29,038 INFO c.m.c.StudentControllerTest [main] The following 1 profile is active: "dev"
2024-01-31 17:49:30,630 INFO o.s.b.t.m.w.SpringBootMockServletContext [main] Initializing Spring TestDispatcherServlet ''
2024-01-31 17:49:30,631 INFO o.s.t.w.s.TestDispatcherServlet [main] Initializing Servlet ''
2024-01-31 17:49:30,632 INFO o.s.t.w.s.TestDispatcherServlet [main] Completed initialization in 1 ms
2024-01-31 17:49:30,658 INFO c.m.c.StudentControllerTest [main] Started StudentControllerTest in 1.888 seconds (process running for 2.594)
2024-01-31 17:49:30,811 INFO c.m.c.StudentController [main] Start method updateStudent for student with ID 1
2024-01-31 17:49:30,814 INFO c.m.c.StudentController [main] End method updateStudent. Updated student: StudentDto{id=null, firstName='Amine', lastName='Rguig', phone='0632996002'}
2024-01-31 17:51:08,366 INFO o.s.t.c.s.AnnotationConfigContextLoaderUtils [main] Could not detect default configuration classes for test class [com.medev.controller.StudentControllerTest]: StudentControllerTest does not declare any static, non-private, non-final, nested classes annotated with @Configuration.
2024-01-31 17:51:08,485 INFO o.s.b.t.c.SpringBootTestContextBootstrapper [main] Found @SpringBootConfiguration com.medev.StudentApiApplication for test class com.medev.controller.StudentControllerTest
2024-01-31 17:51:08,790 INFO o.h.v.i.u.Version [background-preinit] HV000001: Hibernate Validator 8.0.1.Final
2024-01-31 17:51:08,826 INFO c.m.c.StudentControllerTest [main] Starting StudentControllerTest using Java 17.0.9 with PID 12968 (started by Mohamed-Amine in C:\Users\Mohamed-Amine\Desktop\JAVA_REPO\student-api)
2024-01-31 17:51:08,827 INFO c.m.c.StudentControllerTest [main] The following 1 profile is active: "dev"
2024-01-31 17:51:10,329 INFO o.s.b.t.m.w.SpringBootMockServletContext [main] Initializing Spring TestDispatcherServlet ''
2024-01-31 17:51:10,330 INFO o.s.t.w.s.TestDispatcherServlet [main] Initializing Servlet ''
2024-01-31 17:51:10,332 INFO o.s.t.w.s.TestDispatcherServlet [main] Completed initialization in 1 ms
2024-01-31 17:51:10,367 INFO c.m.c.StudentControllerTest [main] Started StudentControllerTest in 1.811 seconds (process running for 2.49)
2024-01-31 17:51:10,511 INFO c.m.c.StudentController [main] Start method updateStudent for student with ID 1
2024-01-31 17:51:10,514 INFO c.m.c.StudentController [main] End method updateStudent. Updated student: StudentDto{id=1, firstName='Amine', lastName='Rguig', phone='0632996002'}
2024-01-31 17:52:30,138 INFO o.s.t.c.s.AnnotationConfigContextLoaderUtils [main] Could not detect default configuration classes for test class [com.medev.controller.StudentControllerTest]: StudentControllerTest does not declare any static, non-private, non-final, nested classes annotated with @Configuration.
2024-01-31 17:52:30,275 INFO o.s.b.t.c.SpringBootTestContextBootstrapper [main] Found @SpringBootConfiguration com.medev.StudentApiApplication for test class com.medev.controller.StudentControllerTest
2024-01-31 17:52:30,589 INFO o.h.v.i.u.Version [background-preinit] HV000001: Hibernate Validator 8.0.1.Final
2024-01-31 17:52:30,630 INFO c.m.c.StudentControllerTest [main] Starting StudentControllerTest using Java 17.0.9 with PID 12756 (started by Mohamed-Amine in C:\Users\Mohamed-Amine\Desktop\JAVA_REPO\student-api)
2024-01-31 17:52:30,632 INFO c.m.c.StudentControllerTest [main] The following 1 profile is active: "dev"
2024-01-31 17:52:32,065 INFO o.s.b.t.m.w.SpringBootMockServletContext [main] Initializing Spring TestDispatcherServlet ''
2024-01-31 17:52:32,066 INFO o.s.t.w.s.TestDispatcherServlet [main] Initializing Servlet ''
2024-01-31 17:52:32,067 INFO o.s.t.w.s.TestDispatcherServlet [main] Completed initialization in 1 ms
2024-01-31 17:52:32,093 INFO c.m.c.StudentControllerTest [main] Started StudentControllerTest in 1.748 seconds (process running for 2.572)
2024-01-31 17:52:32,227 INFO c.m.c.StudentController [main] Start method saveStudent
2024-01-31 17:52:32,229 INFO c.m.c.StudentController [main] End method saveStudent. Saved student: StudentDto{id=1, firstName='John', lastName='Doe', phone='0612345678'}
2024-01-31 17:52:32,283 INFO c.m.c.StudentController [main] Start method updateStudent for student with ID 1
2024-01-31 17:52:32,284 INFO c.m.c.StudentController [main] End method updateStudent. Updated student: StudentDto{id=1, firstName='Amine', lastName='Rguig', phone='0632996002'}
2024-01-31 17:52:32,290 INFO c.m.c.StudentController [main] Start method get Student
2024-01-31 17:52:32,291 INFO c.m.c.StudentController [main] End method get Student
2024-01-31 17:58:07,064 INFO o.s.t.c.s.AnnotationConfigContextLoaderUtils [main] Could not detect default configuration classes for test class [com.medev.controller.StudentControllerTest]: StudentControllerTest does not declare any static, non-private, non-final, nested classes annotated with @Configuration.
2024-01-31 17:58:07,220 INFO o.s.b.t.c.SpringBootTestContextBootstrapper [main] Found @SpringBootConfiguration com.medev.StudentApiApplication for test class com.medev.controller.StudentControllerTest
2024-01-31 17:58:07,521 INFO o.h.v.i.u.Version [background-preinit] HV000001: Hibernate Validator 8.0.1.Final
2024-01-31 17:58:07,553 INFO c.m.c.StudentControllerTest [main] Starting StudentControllerTest using Java 17.0.9 with PID 3728 (started by Mohamed-Amine in C:\Users\Mohamed-Amine\Desktop\JAVA_REPO\student-api)
2024-01-31 17:58:07,554 INFO c.m.c.StudentControllerTest [main] The following 1 profile is active: "dev"
2024-01-31 17:58:09,109 INFO o.s.b.t.m.w.SpringBootMockServletContext [main] Initializing Spring TestDispatcherServlet ''
2024-01-31 17:58:09,110 INFO o.s.t.w.s.TestDispatcherServlet [main] Initializing Servlet ''
2024-01-31 17:58:09,111 INFO o.s.t.w.s.TestDispatcherServlet [main] Completed initialization in 1 ms
2024-01-31 17:58:09,139 INFO c.m.c.StudentControllerTest [main] Started StudentControllerTest in 1.853 seconds (process running for 2.602)
2024-01-31 17:58:09,297 INFO c.m.c.StudentController [main] Start method updateStudent for student with ID 1
2024-01-31 17:58:09,300 INFO c.m.c.StudentController [main] End method updateStudent. Updated student: StudentDto{id=1, firstName='Amine', lastName='Rguig', phone='0632996002'}
2024-01-31 18:02:26,252 INFO o.s.t.c.s.AnnotationConfigContextLoaderUtils [main] Could not detect default configuration classes for test class [com.medev.controller.StudentControllerTest]: StudentControllerTest does not declare any static, non-private, non-final, nested classes annotated with @Configuration.
2024-01-31 18:02:26,367 INFO o.s.b.t.c.SpringBootTestContextBootstrapper [main] Found @SpringBootConfiguration com.medev.StudentApiApplication for test class com.medev.controller.StudentControllerTest
2024-01-31 18:02:26,662 INFO o.h.v.i.u.Version [background-preinit] HV000001: Hibernate Validator 8.0.1.Final
2024-01-31 18:02:26,696 INFO c.m.c.StudentControllerTest [main] Starting StudentControllerTest using Java 17.0.9 with PID 10440 (started by Mohamed-Amine in C:\Users\Mohamed-Amine\Desktop\JAVA_REPO\student-api)
2024-01-31 18:02:26,697 INFO c.m.c.StudentControllerTest [main] The following 1 profile is active: "dev"
2024-01-31 18:02:28,217 INFO o.s.b.t.m.w.SpringBootMockServletContext [main] Initializing Spring TestDispatcherServlet ''
2024-01-31 18:02:28,218 INFO o.s.t.w.s.TestDispatcherServlet [main] Initializing Servlet ''
2024-01-31 18:02:28,221 INFO o.s.t.w.s.TestDispatcherServlet [main] Completed initialization in 1 ms
2024-01-31 18:02:28,258 INFO c.m.c.StudentControllerTest [main] Started StudentControllerTest in 1.824 seconds (process running for 2.489)
2024-01-31 18:02:28,340 INFO c.m.c.StudentController [main] Start method deleteStudent for student with ID 1
2024-01-31 18:02:28,345 INFO c.m.c.StudentController [main] End method deleteStudent. Student with ID 1 was deleted
